{"D:\\Programowanie\\imuaythai-judge\\actions\\FightActions.js": {"path":"D:\\Programowanie\\imuaythai-judge\\actions\\FightActions.js","statementMap":{"0":{"start":{"line":8,"column":0},"end":{"line":8,"column":37}},"1":{"start":{"line":10,"column":25},"end":{"line":33,"column":1}},"2":{"start":{"line":11,"column":2},"end":{"line":32,"column":4}},"3":{"start":{"line":12,"column":36},"end":{"line":12,"column":55}},"4":{"start":{"line":13,"column":4},"end":{"line":15,"column":7}},"5":{"start":{"line":16,"column":4},"end":{"line":31,"column":9}},"6":{"start":{"line":19,"column":8},"end":{"line":22,"column":11}},"7":{"start":{"line":25,"column":8},"end":{"line":27,"column":11}},"8":{"start":{"line":29,"column":10},"end":{"line":29,"column":79}},"9":{"start":{"line":30,"column":8},"end":{"line":30,"column":35}},"10":{"start":{"line":35,"column":31},"end":{"line":60,"column":1}},"11":{"start":{"line":36,"column":2},"end":{"line":59,"column":4}},"12":{"start":{"line":37,"column":21},"end":{"line":37,"column":40}},"13":{"start":{"line":38,"column":24},"end":{"line":38,"column":40}},"14":{"start":{"line":40,"column":4},"end":{"line":40,"column":31}},"15":{"start":{"line":40,"column":24},"end":{"line":40,"column":31}},"16":{"start":{"line":41,"column":4},"end":{"line":43,"column":7}},"17":{"start":{"line":44,"column":4},"end":{"line":58,"column":7}},"18":{"start":{"line":45,"column":6},"end":{"line":49,"column":35}},"19":{"start":{"line":50,"column":6},"end":{"line":57,"column":8}},"20":{"start":{"line":51,"column":8},"end":{"line":53,"column":11}},"21":{"start":{"line":55,"column":10},"end":{"line":55,"column":79}},"22":{"start":{"line":56,"column":8},"end":{"line":56,"column":35}},"23":{"start":{"line":62,"column":26},"end":{"line":70,"column":1}},"24":{"start":{"line":63,"column":2},"end":{"line":69,"column":4}},"25":{"start":{"line":64,"column":4},"end":{"line":67,"column":7}},"26":{"start":{"line":68,"column":4},"end":{"line":68,"column":34}},"27":{"start":{"line":72,"column":25},"end":{"line":79,"column":1}},"28":{"start":{"line":73,"column":2},"end":{"line":78,"column":4}},"29":{"start":{"line":74,"column":4},"end":{"line":74,"column":28}},"30":{"start":{"line":75,"column":4},"end":{"line":77,"column":7}},"31":{"start":{"line":81,"column":26},"end":{"line":111,"column":1}},"32":{"start":{"line":82,"column":2},"end":{"line":110,"column":4}},"33":{"start":{"line":83,"column":21},"end":{"line":83,"column":37}},"34":{"start":{"line":85,"column":4},"end":{"line":105,"column":5}},"35":{"start":{"line":87,"column":8},"end":{"line":89,"column":11}},"36":{"start":{"line":90,"column":8},"end":{"line":90,"column":14}},"37":{"start":{"line":92,"column":8},"end":{"line":95,"column":11}},"38":{"start":{"line":96,"column":8},"end":{"line":98,"column":11}},"39":{"start":{"line":99,"column":8},"end":{"line":99,"column":14}},"40":{"start":{"line":101,"column":8},"end":{"line":103,"column":11}},"41":{"start":{"line":104,"column":8},"end":{"line":104,"column":14}},"42":{"start":{"line":107,"column":4},"end":{"line":109,"column":7}},"43":{"start":{"line":113,"column":24},"end":{"line":140,"column":1}},"44":{"start":{"line":114,"column":2},"end":{"line":139,"column":4}},"45":{"start":{"line":115,"column":21},"end":{"line":115,"column":37}},"46":{"start":{"line":117,"column":4},"end":{"line":135,"column":5}},"47":{"start":{"line":120,"column":8},"end":{"line":123,"column":11}},"48":{"start":{"line":124,"column":8},"end":{"line":126,"column":11}},"49":{"start":{"line":127,"column":8},"end":{"line":127,"column":14}},"50":{"start":{"line":129,"column":8},"end":{"line":131,"column":11}},"51":{"start":{"line":132,"column":8},"end":{"line":132,"column":14}},"52":{"start":{"line":134,"column":8},"end":{"line":134,"column":14}},"53":{"start":{"line":136,"column":4},"end":{"line":138,"column":7}},"54":{"start":{"line":142,"column":30},"end":{"line":177,"column":1}},"55":{"start":{"line":143,"column":2},"end":{"line":176,"column":4}},"56":{"start":{"line":144,"column":22},"end":{"line":144,"column":38}},"57":{"start":{"line":145,"column":21},"end":{"line":145,"column":39}},"58":{"start":{"line":147,"column":4},"end":{"line":175,"column":5}},"59":{"start":{"line":148,"column":6},"end":{"line":151,"column":9}},"60":{"start":{"line":152,"column":11},"end":{"line":175,"column":5}},"61":{"start":{"line":154,"column":17},"end":{"line":154,"column":62}},"62":{"start":{"line":157,"column":6},"end":{"line":160,"column":9}},"63":{"start":{"line":161,"column":11},"end":{"line":175,"column":5}},"64":{"start":{"line":163,"column":17},"end":{"line":163,"column":62}},"65":{"start":{"line":166,"column":6},"end":{"line":169,"column":9}},"66":{"start":{"line":171,"column":6},"end":{"line":174,"column":9}},"67":{"start":{"line":179,"column":26},"end":{"line":193,"column":1}},"68":{"start":{"line":180,"column":2},"end":{"line":192,"column":4}},"69":{"start":{"line":181,"column":21},"end":{"line":181,"column":37}},"70":{"start":{"line":182,"column":4},"end":{"line":188,"column":5}},"71":{"start":{"line":185,"column":8},"end":{"line":187,"column":11}},"72":{"start":{"line":189,"column":4},"end":{"line":191,"column":7}},"73":{"start":{"line":195,"column":27},"end":{"line":209,"column":1}},"74":{"start":{"line":196,"column":2},"end":{"line":208,"column":4}},"75":{"start":{"line":197,"column":21},"end":{"line":197,"column":37}},"76":{"start":{"line":198,"column":4},"end":{"line":204,"column":5}},"77":{"start":{"line":201,"column":8},"end":{"line":203,"column":11}},"78":{"start":{"line":205,"column":4},"end":{"line":207,"column":7}},"79":{"start":{"line":211,"column":24},"end":{"line":234,"column":1}},"80":{"start":{"line":212,"column":2},"end":{"line":233,"column":4}},"81":{"start":{"line":213,"column":21},"end":{"line":213,"column":37}},"82":{"start":{"line":214,"column":4},"end":{"line":232,"column":5}},"83":{"start":{"line":216,"column":8},"end":{"line":218,"column":11}},"84":{"start":{"line":219,"column":8},"end":{"line":221,"column":11}},"85":{"start":{"line":222,"column":8},"end":{"line":222,"column":14}},"86":{"start":{"line":225,"column":8},"end":{"line":227,"column":11}},"87":{"start":{"line":228,"column":8},"end":{"line":230,"column":11}},"88":{"start":{"line":231,"column":8},"end":{"line":231,"column":14}},"89":{"start":{"line":236,"column":29},"end":{"line":246,"column":1}},"90":{"start":{"line":237,"column":2},"end":{"line":245,"column":4}},"91":{"start":{"line":238,"column":21},"end":{"line":238,"column":37}},"92":{"start":{"line":240,"column":4},"end":{"line":240,"column":38}},"93":{"start":{"line":240,"column":31},"end":{"line":240,"column":38}},"94":{"start":{"line":242,"column":4},"end":{"line":244,"column":7}},"95":{"start":{"line":248,"column":28},"end":{"line":258,"column":1}},"96":{"start":{"line":249,"column":2},"end":{"line":257,"column":4}},"97":{"start":{"line":250,"column":21},"end":{"line":250,"column":37}},"98":{"start":{"line":251,"column":4},"end":{"line":251,"column":38}},"99":{"start":{"line":251,"column":31},"end":{"line":251,"column":38}},"100":{"start":{"line":253,"column":4},"end":{"line":255,"column":7}},"101":{"start":{"line":256,"column":4},"end":{"line":256,"column":55}},"102":{"start":{"line":260,"column":38},"end":{"line":269,"column":1}},"103":{"start":{"line":261,"column":2},"end":{"line":268,"column":4}},"104":{"start":{"line":262,"column":21},"end":{"line":262,"column":37}},"105":{"start":{"line":263,"column":4},"end":{"line":263,"column":38}},"106":{"start":{"line":263,"column":31},"end":{"line":263,"column":38}},"107":{"start":{"line":265,"column":4},"end":{"line":267,"column":7}},"108":{"start":{"line":271,"column":32},"end":{"line":278,"column":1}},"109":{"start":{"line":272,"column":2},"end":{"line":277,"column":4}},"110":{"start":{"line":273,"column":32},"end":{"line":273,"column":48}},"111":{"start":{"line":274,"column":4},"end":{"line":276,"column":57}},"112":{"start":{"line":274,"column":27},"end":{"line":274,"column":66}},"113":{"start":{"line":275,"column":9},"end":{"line":276,"column":57}},"114":{"start":{"line":275,"column":33},"end":{"line":275,"column":71}},"115":{"start":{"line":276,"column":9},"end":{"line":276,"column":57}},"116":{"start":{"line":280,"column":18},"end":{"line":285,"column":1}},"117":{"start":{"line":281,"column":2},"end":{"line":281,"column":43}},"118":{"start":{"line":282,"column":16},"end":{"line":282,"column":38}},"119":{"start":{"line":283,"column":2},"end":{"line":283,"column":65}},"120":{"start":{"line":284,"column":2},"end":{"line":284,"column":26}}},"fnMap":{"0":{"name":"(anonymous_0)","decl":{"start":{"line":10,"column":25},"end":{"line":10,"column":26}},"loc":{"start":{"line":10,"column":31},"end":{"line":33,"column":1}},"line":10},"1":{"name":"(anonymous_1)","decl":{"start":{"line":11,"column":9},"end":{"line":11,"column":10}},"loc":{"start":{"line":11,"column":33},"end":{"line":32,"column":3}},"line":11},"2":{"name":"(anonymous_2)","decl":{"start":{"line":18,"column":12},"end":{"line":18,"column":13}},"loc":{"start":{"line":18,"column":24},"end":{"line":23,"column":7}},"line":18},"3":{"name":"(anonymous_3)","decl":{"start":{"line":24,"column":13},"end":{"line":24,"column":14}},"loc":{"start":{"line":24,"column":20},"end":{"line":31,"column":7}},"line":24},"4":{"name":"(anonymous_4)","decl":{"start":{"line":35,"column":31},"end":{"line":35,"column":32}},"loc":{"start":{"line":35,"column":37},"end":{"line":60,"column":1}},"line":35},"5":{"name":"(anonymous_5)","decl":{"start":{"line":36,"column":9},"end":{"line":36,"column":10}},"loc":{"start":{"line":36,"column":33},"end":{"line":59,"column":3}},"line":36},"6":{"name":"(anonymous_6)","decl":{"start":{"line":44,"column":52},"end":{"line":44,"column":53}},"loc":{"start":{"line":44,"column":64},"end":{"line":58,"column":5}},"line":44},"7":{"name":"(anonymous_7)","decl":{"start":{"line":50,"column":6},"end":{"line":50,"column":7}},"loc":{"start":{"line":50,"column":13},"end":{"line":57,"column":7}},"line":50},"8":{"name":"(anonymous_8)","decl":{"start":{"line":62,"column":26},"end":{"line":62,"column":27}},"loc":{"start":{"line":62,"column":32},"end":{"line":70,"column":1}},"line":62},"9":{"name":"(anonymous_9)","decl":{"start":{"line":63,"column":9},"end":{"line":63,"column":10}},"loc":{"start":{"line":63,"column":21},"end":{"line":69,"column":3}},"line":63},"10":{"name":"(anonymous_10)","decl":{"start":{"line":72,"column":25},"end":{"line":72,"column":26}},"loc":{"start":{"line":72,"column":31},"end":{"line":79,"column":1}},"line":72},"11":{"name":"(anonymous_11)","decl":{"start":{"line":73,"column":9},"end":{"line":73,"column":10}},"loc":{"start":{"line":73,"column":21},"end":{"line":78,"column":3}},"line":73},"12":{"name":"(anonymous_12)","decl":{"start":{"line":81,"column":26},"end":{"line":81,"column":27}},"loc":{"start":{"line":81,"column":32},"end":{"line":111,"column":1}},"line":81},"13":{"name":"(anonymous_13)","decl":{"start":{"line":82,"column":9},"end":{"line":82,"column":10}},"loc":{"start":{"line":82,"column":33},"end":{"line":110,"column":3}},"line":82},"14":{"name":"(anonymous_14)","decl":{"start":{"line":113,"column":24},"end":{"line":113,"column":25}},"loc":{"start":{"line":113,"column":30},"end":{"line":140,"column":1}},"line":113},"15":{"name":"(anonymous_15)","decl":{"start":{"line":114,"column":9},"end":{"line":114,"column":10}},"loc":{"start":{"line":114,"column":33},"end":{"line":139,"column":3}},"line":114},"16":{"name":"(anonymous_16)","decl":{"start":{"line":142,"column":30},"end":{"line":142,"column":31}},"loc":{"start":{"line":142,"column":36},"end":{"line":177,"column":1}},"line":142},"17":{"name":"(anonymous_17)","decl":{"start":{"line":143,"column":9},"end":{"line":143,"column":10}},"loc":{"start":{"line":143,"column":33},"end":{"line":176,"column":3}},"line":143},"18":{"name":"(anonymous_18)","decl":{"start":{"line":154,"column":8},"end":{"line":154,"column":9}},"loc":{"start":{"line":154,"column":17},"end":{"line":154,"column":62}},"line":154},"19":{"name":"(anonymous_19)","decl":{"start":{"line":163,"column":8},"end":{"line":163,"column":9}},"loc":{"start":{"line":163,"column":17},"end":{"line":163,"column":62}},"line":163},"20":{"name":"(anonymous_20)","decl":{"start":{"line":179,"column":26},"end":{"line":179,"column":27}},"loc":{"start":{"line":179,"column":32},"end":{"line":193,"column":1}},"line":179},"21":{"name":"(anonymous_21)","decl":{"start":{"line":180,"column":9},"end":{"line":180,"column":10}},"loc":{"start":{"line":180,"column":33},"end":{"line":192,"column":3}},"line":180},"22":{"name":"(anonymous_22)","decl":{"start":{"line":195,"column":27},"end":{"line":195,"column":28}},"loc":{"start":{"line":195,"column":33},"end":{"line":209,"column":1}},"line":195},"23":{"name":"(anonymous_23)","decl":{"start":{"line":196,"column":9},"end":{"line":196,"column":10}},"loc":{"start":{"line":196,"column":33},"end":{"line":208,"column":3}},"line":196},"24":{"name":"(anonymous_24)","decl":{"start":{"line":211,"column":24},"end":{"line":211,"column":25}},"loc":{"start":{"line":211,"column":30},"end":{"line":234,"column":1}},"line":211},"25":{"name":"(anonymous_25)","decl":{"start":{"line":212,"column":9},"end":{"line":212,"column":10}},"loc":{"start":{"line":212,"column":33},"end":{"line":233,"column":3}},"line":212},"26":{"name":"(anonymous_26)","decl":{"start":{"line":236,"column":29},"end":{"line":236,"column":30}},"loc":{"start":{"line":236,"column":35},"end":{"line":246,"column":1}},"line":236},"27":{"name":"(anonymous_27)","decl":{"start":{"line":237,"column":9},"end":{"line":237,"column":10}},"loc":{"start":{"line":237,"column":33},"end":{"line":245,"column":3}},"line":237},"28":{"name":"(anonymous_28)","decl":{"start":{"line":248,"column":28},"end":{"line":248,"column":29}},"loc":{"start":{"line":248,"column":34},"end":{"line":258,"column":1}},"line":248},"29":{"name":"(anonymous_29)","decl":{"start":{"line":249,"column":9},"end":{"line":249,"column":10}},"loc":{"start":{"line":249,"column":33},"end":{"line":257,"column":3}},"line":249},"30":{"name":"(anonymous_30)","decl":{"start":{"line":260,"column":38},"end":{"line":260,"column":39}},"loc":{"start":{"line":260,"column":44},"end":{"line":269,"column":1}},"line":260},"31":{"name":"(anonymous_31)","decl":{"start":{"line":261,"column":9},"end":{"line":261,"column":10}},"loc":{"start":{"line":261,"column":33},"end":{"line":268,"column":3}},"line":261},"32":{"name":"(anonymous_32)","decl":{"start":{"line":271,"column":32},"end":{"line":271,"column":33}},"loc":{"start":{"line":271,"column":38},"end":{"line":278,"column":1}},"line":271},"33":{"name":"(anonymous_33)","decl":{"start":{"line":272,"column":9},"end":{"line":272,"column":10}},"loc":{"start":{"line":272,"column":33},"end":{"line":277,"column":3}},"line":272},"34":{"name":"(anonymous_34)","decl":{"start":{"line":280,"column":18},"end":{"line":280,"column":19}},"loc":{"start":{"line":280,"column":30},"end":{"line":285,"column":1}},"line":280}},"branchMap":{"0":{"loc":{"start":{"line":29,"column":10},"end":{"line":29,"column":79}},"type":"cond-expr","locations":[{"start":{"line":29,"column":33},"end":{"line":29,"column":50}},{"start":{"line":29,"column":53},"end":{"line":29,"column":79}}],"line":29},"1":{"loc":{"start":{"line":40,"column":4},"end":{"line":40,"column":31}},"type":"if","locations":[{"start":{"line":40,"column":4},"end":{"line":40,"column":31}},{"start":{"line":40,"column":4},"end":{"line":40,"column":31}}],"line":40},"2":{"loc":{"start":{"line":55,"column":10},"end":{"line":55,"column":79}},"type":"cond-expr","locations":[{"start":{"line":55,"column":33},"end":{"line":55,"column":50}},{"start":{"line":55,"column":53},"end":{"line":55,"column":79}}],"line":55},"3":{"loc":{"start":{"line":85,"column":4},"end":{"line":105,"column":5}},"type":"switch","locations":[{"start":{"line":86,"column":6},"end":{"line":90,"column":14}},{"start":{"line":91,"column":6},"end":{"line":99,"column":14}},{"start":{"line":100,"column":6},"end":{"line":104,"column":14}}],"line":85},"4":{"loc":{"start":{"line":117,"column":4},"end":{"line":135,"column":5}},"type":"switch","locations":[{"start":{"line":118,"column":6},"end":{"line":118,"column":18}},{"start":{"line":119,"column":6},"end":{"line":127,"column":14}},{"start":{"line":128,"column":6},"end":{"line":132,"column":14}},{"start":{"line":133,"column":6},"end":{"line":134,"column":14}}],"line":117},"5":{"loc":{"start":{"line":147,"column":4},"end":{"line":175,"column":5}},"type":"if","locations":[{"start":{"line":147,"column":4},"end":{"line":175,"column":5}},{"start":{"line":147,"column":4},"end":{"line":175,"column":5}}],"line":147},"6":{"loc":{"start":{"line":152,"column":11},"end":{"line":175,"column":5}},"type":"if","locations":[{"start":{"line":152,"column":11},"end":{"line":175,"column":5}},{"start":{"line":152,"column":11},"end":{"line":175,"column":5}}],"line":152},"7":{"loc":{"start":{"line":154,"column":17},"end":{"line":154,"column":62}},"type":"binary-expr","locations":[{"start":{"line":154,"column":17},"end":{"line":154,"column":42}},{"start":{"line":154,"column":46},"end":{"line":154,"column":62}}],"line":154},"8":{"loc":{"start":{"line":161,"column":11},"end":{"line":175,"column":5}},"type":"if","locations":[{"start":{"line":161,"column":11},"end":{"line":175,"column":5}},{"start":{"line":161,"column":11},"end":{"line":175,"column":5}}],"line":161},"9":{"loc":{"start":{"line":163,"column":17},"end":{"line":163,"column":62}},"type":"binary-expr","locations":[{"start":{"line":163,"column":17},"end":{"line":163,"column":42}},{"start":{"line":163,"column":46},"end":{"line":163,"column":62}}],"line":163},"10":{"loc":{"start":{"line":182,"column":4},"end":{"line":188,"column":5}},"type":"switch","locations":[{"start":{"line":183,"column":6},"end":{"line":183,"column":18}},{"start":{"line":184,"column":6},"end":{"line":187,"column":11}}],"line":182},"11":{"loc":{"start":{"line":198,"column":4},"end":{"line":204,"column":5}},"type":"switch","locations":[{"start":{"line":199,"column":6},"end":{"line":199,"column":18}},{"start":{"line":200,"column":6},"end":{"line":203,"column":11}}],"line":198},"12":{"loc":{"start":{"line":214,"column":4},"end":{"line":232,"column":5}},"type":"switch","locations":[{"start":{"line":215,"column":6},"end":{"line":222,"column":14}},{"start":{"line":223,"column":6},"end":{"line":223,"column":24}},{"start":{"line":224,"column":6},"end":{"line":231,"column":14}}],"line":214},"13":{"loc":{"start":{"line":240,"column":4},"end":{"line":240,"column":38}},"type":"if","locations":[{"start":{"line":240,"column":4},"end":{"line":240,"column":38}},{"start":{"line":240,"column":4},"end":{"line":240,"column":38}}],"line":240},"14":{"loc":{"start":{"line":251,"column":4},"end":{"line":251,"column":38}},"type":"if","locations":[{"start":{"line":251,"column":4},"end":{"line":251,"column":38}},{"start":{"line":251,"column":4},"end":{"line":251,"column":38}}],"line":251},"15":{"loc":{"start":{"line":263,"column":4},"end":{"line":263,"column":38}},"type":"if","locations":[{"start":{"line":263,"column":4},"end":{"line":263,"column":38}},{"start":{"line":263,"column":4},"end":{"line":263,"column":38}}],"line":263},"16":{"loc":{"start":{"line":274,"column":4},"end":{"line":276,"column":57}},"type":"if","locations":[{"start":{"line":274,"column":4},"end":{"line":276,"column":57}},{"start":{"line":274,"column":4},"end":{"line":276,"column":57}}],"line":274},"17":{"loc":{"start":{"line":274,"column":8},"end":{"line":274,"column":25}},"type":"binary-expr","locations":[{"start":{"line":274,"column":8},"end":{"line":274,"column":15}},{"start":{"line":274,"column":19},"end":{"line":274,"column":25}}],"line":274},"18":{"loc":{"start":{"line":275,"column":9},"end":{"line":276,"column":57}},"type":"if","locations":[{"start":{"line":275,"column":9},"end":{"line":276,"column":57}},{"start":{"line":275,"column":9},"end":{"line":276,"column":57}}],"line":275},"19":{"loc":{"start":{"line":275,"column":13},"end":{"line":275,"column":31}},"type":"binary-expr","locations":[{"start":{"line":275,"column":13},"end":{"line":275,"column":20}},{"start":{"line":275,"column":24},"end":{"line":275,"column":31}}],"line":275}},"s":{"0":1,"1":1,"2":1,"3":1,"4":1,"5":1,"6":1,"7":0,"8":0,"9":0,"10":1,"11":2,"12":2,"13":2,"14":2,"15":0,"16":2,"17":2,"18":1,"19":1,"20":0,"21":0,"22":0,"23":1,"24":1,"25":1,"26":1,"27":1,"28":1,"29":1,"30":1,"31":1,"32":3,"33":3,"34":3,"35":1,"36":1,"37":1,"38":1,"39":1,"40":1,"41":1,"42":3,"43":1,"44":3,"45":3,"46":3,"47":2,"48":2,"49":2,"50":1,"51":1,"52":0,"53":3,"54":1,"55":2,"56":2,"57":2,"58":2,"59":0,"60":2,"61":2,"62":0,"63":2,"64":2,"65":2,"66":0,"67":1,"68":3,"69":3,"70":3,"71":2,"72":3,"73":1,"74":3,"75":3,"76":3,"77":2,"78":3,"79":1,"80":3,"81":3,"82":3,"83":1,"84":1,"85":1,"86":2,"87":2,"88":2,"89":1,"90":1,"91":1,"92":1,"93":0,"94":1,"95":1,"96":2,"97":2,"98":2,"99":0,"100":2,"101":2,"102":1,"103":2,"104":2,"105":2,"106":0,"107":2,"108":1,"109":0,"110":0,"111":0,"112":0,"113":0,"114":0,"115":0,"116":1,"117":0,"118":0,"119":0,"120":0},"f":{"0":1,"1":1,"2":1,"3":0,"4":2,"5":2,"6":1,"7":0,"8":1,"9":1,"10":1,"11":1,"12":3,"13":3,"14":3,"15":3,"16":2,"17":2,"18":2,"19":2,"20":3,"21":3,"22":3,"23":3,"24":3,"25":3,"26":1,"27":1,"28":2,"29":2,"30":2,"31":2,"32":0,"33":0,"34":0},"b":{"0":[0,0],"1":[0,2],"2":[0,0],"3":[1,1,1],"4":[1,2,1,0],"5":[0,2],"6":[0,2],"7":[2,2],"8":[2,0],"9":[2,2],"10":[1,2],"11":[1,2],"12":[1,1,2],"13":[0,1],"14":[0,2],"15":[0,2],"16":[0,0],"17":[0,0],"18":[0,0],"19":[0,0]},"_coverageSchema":"332fd63041d2c1bcb487cc26dd0d5f7d97098a6c","hash":"9190675fb0f6bdaa7928292d730103b4196738b0"}
,"D:\\Programowanie\\imuaythai-judge\\actions\\MessageActions.js": {"path":"D:\\Programowanie\\imuaythai-judge\\actions\\MessageActions.js","statementMap":{"0":{"start":{"line":6,"column":36},"end":{"line":15,"column":1}},"1":{"start":{"line":7,"column":2},"end":{"line":14,"column":4}},"2":{"start":{"line":8,"column":20},"end":{"line":11,"column":5}},"3":{"start":{"line":12,"column":31},"end":{"line":12,"column":55}},"4":{"start":{"line":13,"column":4},"end":{"line":13,"column":46}},"5":{"start":{"line":17,"column":24},"end":{"line":26,"column":1}},"6":{"start":{"line":18,"column":2},"end":{"line":25,"column":4}},"7":{"start":{"line":19,"column":20},"end":{"line":22,"column":5}},"8":{"start":{"line":23,"column":31},"end":{"line":23,"column":55}},"9":{"start":{"line":24,"column":4},"end":{"line":24,"column":46}},"10":{"start":{"line":28,"column":28},"end":{"line":38,"column":1}},"11":{"start":{"line":29,"column":2},"end":{"line":37,"column":4}},"12":{"start":{"line":30,"column":19},"end":{"line":30,"column":54}},"13":{"start":{"line":31,"column":20},"end":{"line":34,"column":5}},"14":{"start":{"line":35,"column":31},"end":{"line":35,"column":55}},"15":{"start":{"line":36,"column":4},"end":{"line":36,"column":46}},"16":{"start":{"line":40,"column":26},"end":{"line":50,"column":1}},"17":{"start":{"line":41,"column":2},"end":{"line":49,"column":4}},"18":{"start":{"line":42,"column":19},"end":{"line":42,"column":50}},"19":{"start":{"line":43,"column":20},"end":{"line":46,"column":5}},"20":{"start":{"line":47,"column":31},"end":{"line":47,"column":55}},"21":{"start":{"line":48,"column":4},"end":{"line":48,"column":46}},"22":{"start":{"line":52,"column":26},"end":{"line":61,"column":1}},"23":{"start":{"line":53,"column":2},"end":{"line":60,"column":4}},"24":{"start":{"line":54,"column":20},"end":{"line":57,"column":5}},"25":{"start":{"line":58,"column":31},"end":{"line":58,"column":55}},"26":{"start":{"line":59,"column":4},"end":{"line":59,"column":46}},"27":{"start":{"line":63,"column":24},"end":{"line":72,"column":1}},"28":{"start":{"line":64,"column":2},"end":{"line":71,"column":4}},"29":{"start":{"line":65,"column":20},"end":{"line":68,"column":5}},"30":{"start":{"line":69,"column":31},"end":{"line":69,"column":55}},"31":{"start":{"line":70,"column":4},"end":{"line":70,"column":46}},"32":{"start":{"line":74,"column":26},"end":{"line":83,"column":1}},"33":{"start":{"line":75,"column":2},"end":{"line":82,"column":4}},"34":{"start":{"line":76,"column":20},"end":{"line":79,"column":5}},"35":{"start":{"line":80,"column":31},"end":{"line":80,"column":55}},"36":{"start":{"line":81,"column":4},"end":{"line":81,"column":46}},"37":{"start":{"line":85,"column":27},"end":{"line":94,"column":1}},"38":{"start":{"line":86,"column":2},"end":{"line":93,"column":4}},"39":{"start":{"line":87,"column":20},"end":{"line":90,"column":5}},"40":{"start":{"line":91,"column":31},"end":{"line":91,"column":55}},"41":{"start":{"line":92,"column":4},"end":{"line":92,"column":46}}},"fnMap":{"0":{"name":"(anonymous_0)","decl":{"start":{"line":6,"column":36},"end":{"line":6,"column":37}},"loc":{"start":{"line":6,"column":42},"end":{"line":15,"column":1}},"line":6},"1":{"name":"(anonymous_1)","decl":{"start":{"line":7,"column":9},"end":{"line":7,"column":10}},"loc":{"start":{"line":7,"column":21},"end":{"line":14,"column":3}},"line":7},"2":{"name":"(anonymous_2)","decl":{"start":{"line":17,"column":24},"end":{"line":17,"column":25}},"loc":{"start":{"line":17,"column":30},"end":{"line":26,"column":1}},"line":17},"3":{"name":"(anonymous_3)","decl":{"start":{"line":18,"column":9},"end":{"line":18,"column":10}},"loc":{"start":{"line":18,"column":21},"end":{"line":25,"column":3}},"line":18},"4":{"name":"(anonymous_4)","decl":{"start":{"line":28,"column":28},"end":{"line":28,"column":29}},"loc":{"start":{"line":28,"column":34},"end":{"line":38,"column":1}},"line":28},"5":{"name":"(anonymous_5)","decl":{"start":{"line":29,"column":9},"end":{"line":29,"column":10}},"loc":{"start":{"line":29,"column":33},"end":{"line":37,"column":3}},"line":29},"6":{"name":"(anonymous_6)","decl":{"start":{"line":40,"column":26},"end":{"line":40,"column":27}},"loc":{"start":{"line":40,"column":32},"end":{"line":50,"column":1}},"line":40},"7":{"name":"(anonymous_7)","decl":{"start":{"line":41,"column":9},"end":{"line":41,"column":10}},"loc":{"start":{"line":41,"column":33},"end":{"line":49,"column":3}},"line":41},"8":{"name":"(anonymous_8)","decl":{"start":{"line":52,"column":26},"end":{"line":52,"column":27}},"loc":{"start":{"line":52,"column":32},"end":{"line":61,"column":1}},"line":52},"9":{"name":"(anonymous_9)","decl":{"start":{"line":53,"column":9},"end":{"line":53,"column":10}},"loc":{"start":{"line":53,"column":21},"end":{"line":60,"column":3}},"line":53},"10":{"name":"(anonymous_10)","decl":{"start":{"line":63,"column":24},"end":{"line":63,"column":25}},"loc":{"start":{"line":63,"column":30},"end":{"line":72,"column":1}},"line":63},"11":{"name":"(anonymous_11)","decl":{"start":{"line":64,"column":9},"end":{"line":64,"column":10}},"loc":{"start":{"line":64,"column":21},"end":{"line":71,"column":3}},"line":64},"12":{"name":"(anonymous_12)","decl":{"start":{"line":74,"column":26},"end":{"line":74,"column":27}},"loc":{"start":{"line":74,"column":32},"end":{"line":83,"column":1}},"line":74},"13":{"name":"(anonymous_13)","decl":{"start":{"line":75,"column":9},"end":{"line":75,"column":10}},"loc":{"start":{"line":75,"column":21},"end":{"line":82,"column":3}},"line":75},"14":{"name":"(anonymous_14)","decl":{"start":{"line":85,"column":27},"end":{"line":85,"column":28}},"loc":{"start":{"line":85,"column":33},"end":{"line":94,"column":1}},"line":85},"15":{"name":"(anonymous_15)","decl":{"start":{"line":86,"column":9},"end":{"line":86,"column":10}},"loc":{"start":{"line":86,"column":21},"end":{"line":93,"column":3}},"line":86}},"branchMap":{},"s":{"0":1,"1":0,"2":0,"3":0,"4":0,"5":1,"6":0,"7":0,"8":0,"9":0,"10":1,"11":0,"12":0,"13":0,"14":0,"15":0,"16":1,"17":0,"18":0,"19":0,"20":0,"21":0,"22":1,"23":0,"24":0,"25":0,"26":0,"27":1,"28":0,"29":0,"30":0,"31":0,"32":1,"33":0,"34":0,"35":0,"36":0,"37":1,"38":0,"39":0,"40":0,"41":0},"f":{"0":0,"1":0,"2":0,"3":0,"4":0,"5":0,"6":0,"7":0,"8":0,"9":0,"10":0,"11":0,"12":0,"13":0,"14":0,"15":0},"b":{},"_coverageSchema":"332fd63041d2c1bcb487cc26dd0d5f7d97098a6c","hash":"1804f8b3b864df413962f5dc268e4257a2915b67"}
,"D:\\Programowanie\\imuaythai-judge\\actions\\NotifyActionCreators.js": {"path":"D:\\Programowanie\\imuaythai-judge\\actions\\NotifyActionCreators.js","statementMap":{"0":{"start":{"line":3,"column":25},"end":{"line":6,"column":2}},"1":{"start":{"line":3,"column":42},"end":{"line":6,"column":1}},"2":{"start":{"line":8,"column":27},"end":{"line":11,"column":2}},"3":{"start":{"line":8,"column":46},"end":{"line":11,"column":1}},"4":{"start":{"line":13,"column":27},"end":{"line":16,"column":2}},"5":{"start":{"line":13,"column":46},"end":{"line":16,"column":1}},"6":{"start":{"line":18,"column":27},"end":{"line":20,"column":2}},"7":{"start":{"line":18,"column":34},"end":{"line":20,"column":1}}},"fnMap":{"0":{"name":"(anonymous_0)","decl":{"start":{"line":3,"column":25},"end":{"line":3,"column":26}},"loc":{"start":{"line":3,"column":42},"end":{"line":6,"column":1}},"line":3},"1":{"name":"(anonymous_1)","decl":{"start":{"line":8,"column":27},"end":{"line":8,"column":28}},"loc":{"start":{"line":8,"column":46},"end":{"line":11,"column":1}},"line":8},"2":{"name":"(anonymous_2)","decl":{"start":{"line":13,"column":27},"end":{"line":13,"column":28}},"loc":{"start":{"line":13,"column":46},"end":{"line":16,"column":1}},"line":13},"3":{"name":"(anonymous_3)","decl":{"start":{"line":18,"column":27},"end":{"line":18,"column":28}},"loc":{"start":{"line":18,"column":34},"end":{"line":20,"column":1}},"line":18}},"branchMap":{},"s":{"0":1,"1":0,"2":1,"3":2,"4":1,"5":0,"6":1,"7":0},"f":{"0":0,"1":2,"2":0,"3":0},"b":{},"_coverageSchema":"332fd63041d2c1bcb487cc26dd0d5f7d97098a6c","hash":"5cf78981d1de3e0fb5f024ff1ec8bf965ee7b0b9"}
,"D:\\Programowanie\\imuaythai-judge\\actions\\PointActions.js": {"path":"D:\\Programowanie\\imuaythai-judge\\actions\\PointActions.js","statementMap":{"0":{"start":{"line":2,"column":39},"end":{"line":34,"column":1}},"1":{"start":{"line":3,"column":23},"end":{"line":3,"column":25}},"2":{"start":{"line":5,"column":2},"end":{"line":31,"column":3}},"3":{"start":{"line":6,"column":16},"end":{"line":6,"column":43}},"4":{"start":{"line":7,"column":4},"end":{"line":30,"column":5}},"5":{"start":{"line":8,"column":18},"end":{"line":8,"column":39}},"6":{"start":{"line":9,"column":22},"end":{"line":16,"column":7}},"7":{"start":{"line":17,"column":28},"end":{"line":17,"column":53}},"8":{"start":{"line":18,"column":6},"end":{"line":18,"column":43}},"9":{"start":{"line":20,"column":23},"end":{"line":27,"column":7}},"10":{"start":{"line":28,"column":29},"end":{"line":28,"column":55}},"11":{"start":{"line":29,"column":6},"end":{"line":29,"column":44}},"12":{"start":{"line":33,"column":2},"end":{"line":33,"column":24}},"13":{"start":{"line":36,"column":35},"end":{"line":36,"column":46}},"14":{"start":{"line":38,"column":26},"end":{"line":41,"column":2}},"15":{"start":{"line":38,"column":37},"end":{"line":41,"column":1}},"16":{"start":{"line":43,"column":25},"end":{"line":46,"column":2}},"17":{"start":{"line":43,"column":36},"end":{"line":46,"column":1}}},"fnMap":{"0":{"name":"(anonymous_0)","decl":{"start":{"line":2,"column":39},"end":{"line":2,"column":40}},"loc":{"start":{"line":2,"column":48},"end":{"line":34,"column":1}},"line":2},"1":{"name":"(anonymous_1)","decl":{"start":{"line":36,"column":35},"end":{"line":36,"column":36}},"loc":{"start":{"line":36,"column":44},"end":{"line":36,"column":46}},"line":36},"2":{"name":"(anonymous_2)","decl":{"start":{"line":38,"column":26},"end":{"line":38,"column":27}},"loc":{"start":{"line":38,"column":37},"end":{"line":41,"column":1}},"line":38},"3":{"name":"(anonymous_3)","decl":{"start":{"line":43,"column":25},"end":{"line":43,"column":26}},"loc":{"start":{"line":43,"column":36},"end":{"line":46,"column":1}},"line":43}},"branchMap":{},"s":{"0":1,"1":0,"2":0,"3":0,"4":0,"5":0,"6":0,"7":0,"8":0,"9":0,"10":0,"11":0,"12":0,"13":1,"14":1,"15":0,"16":1,"17":0},"f":{"0":0,"1":0,"2":0,"3":0},"b":{},"_coverageSchema":"332fd63041d2c1bcb487cc26dd0d5f7d97098a6c","hash":"a29c2645717c3b334a2e66a6a97ca55f8c27efdd"}
,"D:\\Programowanie\\imuaythai-judge\\actions\\TimerActions.js": {"path":"D:\\Programowanie\\imuaythai-judge\\actions\\TimerActions.js","statementMap":{"0":{"start":{"line":3,"column":31},"end":{"line":5,"column":2}},"1":{"start":{"line":3,"column":38},"end":{"line":5,"column":1}},"2":{"start":{"line":6,"column":30},"end":{"line":8,"column":2}},"3":{"start":{"line":6,"column":37},"end":{"line":8,"column":1}},"4":{"start":{"line":9,"column":31},"end":{"line":11,"column":2}},"5":{"start":{"line":9,"column":38},"end":{"line":11,"column":1}},"6":{"start":{"line":12,"column":37},"end":{"line":15,"column":2}},"7":{"start":{"line":12,"column":50},"end":{"line":15,"column":1}},"8":{"start":{"line":17,"column":31},"end":{"line":19,"column":2}},"9":{"start":{"line":17,"column":38},"end":{"line":19,"column":1}},"10":{"start":{"line":20,"column":30},"end":{"line":22,"column":2}},"11":{"start":{"line":20,"column":37},"end":{"line":22,"column":1}},"12":{"start":{"line":23,"column":31},"end":{"line":25,"column":2}},"13":{"start":{"line":23,"column":38},"end":{"line":25,"column":1}},"14":{"start":{"line":26,"column":37},"end":{"line":29,"column":2}},"15":{"start":{"line":26,"column":50},"end":{"line":29,"column":1}},"16":{"start":{"line":31,"column":30},"end":{"line":34,"column":2}},"17":{"start":{"line":31,"column":40},"end":{"line":34,"column":1}}},"fnMap":{"0":{"name":"(anonymous_0)","decl":{"start":{"line":3,"column":31},"end":{"line":3,"column":32}},"loc":{"start":{"line":3,"column":38},"end":{"line":5,"column":1}},"line":3},"1":{"name":"(anonymous_1)","decl":{"start":{"line":6,"column":30},"end":{"line":6,"column":31}},"loc":{"start":{"line":6,"column":37},"end":{"line":8,"column":1}},"line":6},"2":{"name":"(anonymous_2)","decl":{"start":{"line":9,"column":31},"end":{"line":9,"column":32}},"loc":{"start":{"line":9,"column":38},"end":{"line":11,"column":1}},"line":9},"3":{"name":"(anonymous_3)","decl":{"start":{"line":12,"column":37},"end":{"line":12,"column":38}},"loc":{"start":{"line":12,"column":50},"end":{"line":15,"column":1}},"line":12},"4":{"name":"(anonymous_4)","decl":{"start":{"line":17,"column":31},"end":{"line":17,"column":32}},"loc":{"start":{"line":17,"column":38},"end":{"line":19,"column":1}},"line":17},"5":{"name":"(anonymous_5)","decl":{"start":{"line":20,"column":30},"end":{"line":20,"column":31}},"loc":{"start":{"line":20,"column":37},"end":{"line":22,"column":1}},"line":20},"6":{"name":"(anonymous_6)","decl":{"start":{"line":23,"column":31},"end":{"line":23,"column":32}},"loc":{"start":{"line":23,"column":38},"end":{"line":25,"column":1}},"line":23},"7":{"name":"(anonymous_7)","decl":{"start":{"line":26,"column":37},"end":{"line":26,"column":38}},"loc":{"start":{"line":26,"column":50},"end":{"line":29,"column":1}},"line":26},"8":{"name":"(anonymous_8)","decl":{"start":{"line":31,"column":30},"end":{"line":31,"column":31}},"loc":{"start":{"line":31,"column":40},"end":{"line":34,"column":1}},"line":31}},"branchMap":{},"s":{"0":1,"1":1,"2":1,"3":1,"4":1,"5":1,"6":1,"7":1,"8":1,"9":1,"10":1,"11":1,"12":1,"13":1,"14":1,"15":1,"16":1,"17":1},"f":{"0":1,"1":1,"2":1,"3":1,"4":1,"5":1,"6":1,"7":1,"8":1},"b":{},"_coverageSchema":"332fd63041d2c1bcb487cc26dd0d5f7d97098a6c","hash":"0a71842b688cfe26f427de1efa092fd6103cedc3"}
,"D:\\Programowanie\\imuaythai-judge\\actions\\WebsocketActions.js": {"path":"D:\\Programowanie\\imuaythai-judge\\actions\\WebsocketActions.js","statementMap":{"0":{"start":{"line":5,"column":21},"end":{"line":16,"column":1}},"1":{"start":{"line":6,"column":2},"end":{"line":15,"column":3}},"2":{"start":{"line":8,"column":6},"end":{"line":8,"column":33}},"3":{"start":{"line":10,"column":6},"end":{"line":10,"column":33}},"4":{"start":{"line":12,"column":6},"end":{"line":12,"column":33}},"5":{"start":{"line":14,"column":6},"end":{"line":14,"column":33}},"6":{"start":{"line":18,"column":35},"end":{"line":24,"column":1}},"7":{"start":{"line":19,"column":2},"end":{"line":23,"column":4}},"8":{"start":{"line":20,"column":4},"end":{"line":22,"column":7}},"9":{"start":{"line":26,"column":25},"end":{"line":56,"column":1}},"10":{"start":{"line":27,"column":2},"end":{"line":55,"column":4}},"11":{"start":{"line":28,"column":32},"end":{"line":28,"column":51}},"12":{"start":{"line":30,"column":14},"end":{"line":30,"column":43}},"13":{"start":{"line":31,"column":17},"end":{"line":31,"column":35}},"14":{"start":{"line":33,"column":4},"end":{"line":44,"column":6}},"15":{"start":{"line":34,"column":6},"end":{"line":36,"column":9}},"16":{"start":{"line":38,"column":6},"end":{"line":41,"column":9}},"17":{"start":{"line":43,"column":6},"end":{"line":43,"column":42}},"18":{"start":{"line":46,"column":4},"end":{"line":48,"column":6}},"19":{"start":{"line":47,"column":6},"end":{"line":47,"column":33}},"20":{"start":{"line":50,"column":4},"end":{"line":53,"column":7}},"21":{"start":{"line":54,"column":4},"end":{"line":54,"column":48}},"22":{"start":{"line":58,"column":27},"end":{"line":68,"column":1}},"23":{"start":{"line":59,"column":2},"end":{"line":67,"column":4}},"24":{"start":{"line":60,"column":23},"end":{"line":60,"column":43}},"25":{"start":{"line":61,"column":4},"end":{"line":64,"column":7}},"26":{"start":{"line":66,"column":4},"end":{"line":66,"column":25}},"27":{"start":{"line":70,"column":27},"end":{"line":79,"column":1}},"28":{"start":{"line":71,"column":2},"end":{"line":78,"column":4}},"29":{"start":{"line":72,"column":23},"end":{"line":72,"column":43}},"30":{"start":{"line":73,"column":4},"end":{"line":73,"column":24}},"31":{"start":{"line":73,"column":17},"end":{"line":73,"column":24}},"32":{"start":{"line":74,"column":4},"end":{"line":74,"column":19}},"33":{"start":{"line":75,"column":4},"end":{"line":77,"column":7}},"34":{"start":{"line":81,"column":28},"end":{"line":83,"column":2}},"35":{"start":{"line":81,"column":35},"end":{"line":83,"column":1}}},"fnMap":{"0":{"name":"(anonymous_0)","decl":{"start":{"line":5,"column":21},"end":{"line":5,"column":22}},"loc":{"start":{"line":5,"column":42},"end":{"line":16,"column":1}},"line":5},"1":{"name":"(anonymous_1)","decl":{"start":{"line":18,"column":35},"end":{"line":18,"column":36}},"loc":{"start":{"line":18,"column":41},"end":{"line":24,"column":1}},"line":18},"2":{"name":"(anonymous_2)","decl":{"start":{"line":19,"column":9},"end":{"line":19,"column":10}},"loc":{"start":{"line":19,"column":21},"end":{"line":23,"column":3}},"line":19},"3":{"name":"(anonymous_3)","decl":{"start":{"line":26,"column":25},"end":{"line":26,"column":26}},"loc":{"start":{"line":26,"column":31},"end":{"line":56,"column":1}},"line":26},"4":{"name":"(anonymous_4)","decl":{"start":{"line":27,"column":9},"end":{"line":27,"column":10}},"loc":{"start":{"line":27,"column":33},"end":{"line":55,"column":3}},"line":27},"5":{"name":"(anonymous_5)","decl":{"start":{"line":33,"column":23},"end":{"line":33,"column":24}},"loc":{"start":{"line":33,"column":32},"end":{"line":44,"column":5}},"line":33},"6":{"name":"(anonymous_6)","decl":{"start":{"line":46,"column":21},"end":{"line":46,"column":22}},"loc":{"start":{"line":46,"column":30},"end":{"line":48,"column":5}},"line":46},"7":{"name":"(anonymous_7)","decl":{"start":{"line":58,"column":27},"end":{"line":58,"column":28}},"loc":{"start":{"line":58,"column":38},"end":{"line":68,"column":1}},"line":58},"8":{"name":"(anonymous_8)","decl":{"start":{"line":59,"column":9},"end":{"line":59,"column":10}},"loc":{"start":{"line":59,"column":33},"end":{"line":67,"column":3}},"line":59},"9":{"name":"(anonymous_9)","decl":{"start":{"line":70,"column":27},"end":{"line":70,"column":28}},"loc":{"start":{"line":70,"column":33},"end":{"line":79,"column":1}},"line":70},"10":{"name":"(anonymous_10)","decl":{"start":{"line":71,"column":9},"end":{"line":71,"column":10}},"loc":{"start":{"line":71,"column":33},"end":{"line":78,"column":3}},"line":71},"11":{"name":"(anonymous_11)","decl":{"start":{"line":81,"column":28},"end":{"line":81,"column":29}},"loc":{"start":{"line":81,"column":35},"end":{"line":83,"column":1}},"line":81}},"branchMap":{"0":{"loc":{"start":{"line":6,"column":2},"end":{"line":15,"column":3}},"type":"switch","locations":[{"start":{"line":7,"column":4},"end":{"line":8,"column":33}},{"start":{"line":9,"column":4},"end":{"line":10,"column":33}},{"start":{"line":11,"column":4},"end":{"line":12,"column":33}},{"start":{"line":13,"column":4},"end":{"line":14,"column":33}}],"line":6},"1":{"loc":{"start":{"line":73,"column":4},"end":{"line":73,"column":24}},"type":"if","locations":[{"start":{"line":73,"column":4},"end":{"line":73,"column":24}},{"start":{"line":73,"column":4},"end":{"line":73,"column":24}}],"line":73}},"s":{"0":1,"1":0,"2":0,"3":0,"4":0,"5":0,"6":1,"7":0,"8":0,"9":1,"10":0,"11":0,"12":0,"13":0,"14":0,"15":0,"16":0,"17":0,"18":0,"19":0,"20":0,"21":0,"22":1,"23":0,"24":0,"25":0,"26":0,"27":1,"28":1,"29":1,"30":1,"31":0,"32":1,"33":1,"34":1,"35":0},"f":{"0":0,"1":0,"2":0,"3":0,"4":0,"5":0,"6":0,"7":0,"8":0,"9":1,"10":1,"11":0},"b":{"0":[0,0,0,0],"1":[0,1]},"_coverageSchema":"332fd63041d2c1bcb487cc26dd0d5f7d97098a6c","hash":"4e46013c0d985192ec42d01698dd02aebffcedcf"}
,"D:\\Programowanie\\imuaythai-judge\\actions\\types.js": {"path":"D:\\Programowanie\\imuaythai-judge\\actions\\types.js","statementMap":{"0":{"start":{"line":2,"column":37},"end":{"line":2,"column":60}},"1":{"start":{"line":3,"column":37},"end":{"line":3,"column":60}},"2":{"start":{"line":4,"column":38},"end":{"line":4,"column":62}},"3":{"start":{"line":5,"column":30},"end":{"line":5,"column":46}},"4":{"start":{"line":6,"column":39},"end":{"line":6,"column":64}},"5":{"start":{"line":9,"column":26},"end":{"line":9,"column":38}},"6":{"start":{"line":10,"column":28},"end":{"line":10,"column":42}},"7":{"start":{"line":11,"column":28},"end":{"line":11,"column":42}},"8":{"start":{"line":12,"column":28},"end":{"line":12,"column":42}},"9":{"start":{"line":15,"column":34},"end":{"line":15,"column":54}},"10":{"start":{"line":16,"column":34},"end":{"line":16,"column":54}},"11":{"start":{"line":17,"column":35},"end":{"line":17,"column":56}},"12":{"start":{"line":18,"column":41},"end":{"line":18,"column":68}},"13":{"start":{"line":19,"column":41},"end":{"line":19,"column":68}},"14":{"start":{"line":20,"column":42},"end":{"line":20,"column":70}},"15":{"start":{"line":21,"column":28},"end":{"line":21,"column":42}},"16":{"start":{"line":22,"column":26},"end":{"line":22,"column":38}},"17":{"start":{"line":23,"column":33},"end":{"line":23,"column":52}},"18":{"start":{"line":24,"column":27},"end":{"line":24,"column":40}},"19":{"start":{"line":25,"column":25},"end":{"line":25,"column":36}},"20":{"start":{"line":26,"column":27},"end":{"line":26,"column":40}},"21":{"start":{"line":27,"column":28},"end":{"line":27,"column":42}},"22":{"start":{"line":28,"column":28},"end":{"line":28,"column":42}},"23":{"start":{"line":29,"column":25},"end":{"line":29,"column":36}},"24":{"start":{"line":30,"column":41},"end":{"line":30,"column":68}},"25":{"start":{"line":33,"column":27},"end":{"line":33,"column":40}},"26":{"start":{"line":34,"column":31},"end":{"line":34,"column":48}},"27":{"start":{"line":35,"column":27},"end":{"line":35,"column":40}},"28":{"start":{"line":36,"column":31},"end":{"line":36,"column":48}},"29":{"start":{"line":37,"column":26},"end":{"line":37,"column":38}},"30":{"start":{"line":40,"column":33},"end":{"line":40,"column":52}},"31":{"start":{"line":41,"column":38},"end":{"line":41,"column":62}},"32":{"start":{"line":42,"column":38},"end":{"line":42,"column":62}},"33":{"start":{"line":43,"column":42},"end":{"line":43,"column":70}},"34":{"start":{"line":44,"column":36},"end":{"line":44,"column":58}},"35":{"start":{"line":45,"column":39},"end":{"line":45,"column":64}},"36":{"start":{"line":48,"column":34},"end":{"line":48,"column":54}},"37":{"start":{"line":49,"column":34},"end":{"line":49,"column":54}},"38":{"start":{"line":52,"column":24},"end":{"line":52,"column":34}},"39":{"start":{"line":53,"column":28},"end":{"line":53,"column":42}},"40":{"start":{"line":54,"column":33},"end":{"line":54,"column":52}},"41":{"start":{"line":55,"column":27},"end":{"line":55,"column":40}},"42":{"start":{"line":56,"column":36},"end":{"line":56,"column":58}},"43":{"start":{"line":57,"column":36},"end":{"line":57,"column":58}},"44":{"start":{"line":58,"column":37},"end":{"line":58,"column":60}},"45":{"start":{"line":61,"column":33},"end":{"line":61,"column":52}},"46":{"start":{"line":62,"column":32},"end":{"line":62,"column":50}},"47":{"start":{"line":63,"column":33},"end":{"line":63,"column":52}},"48":{"start":{"line":64,"column":40},"end":{"line":64,"column":66}},"49":{"start":{"line":65,"column":33},"end":{"line":65,"column":52}},"50":{"start":{"line":66,"column":32},"end":{"line":66,"column":50}},"51":{"start":{"line":67,"column":33},"end":{"line":67,"column":52}},"52":{"start":{"line":68,"column":40},"end":{"line":68,"column":66}},"53":{"start":{"line":69,"column":32},"end":{"line":69,"column":50}},"54":{"start":{"line":72,"column":24},"end":{"line":72,"column":34}},"55":{"start":{"line":73,"column":26},"end":{"line":73,"column":38}}},"fnMap":{},"branchMap":{},"s":{"0":3,"1":3,"2":3,"3":3,"4":3,"5":3,"6":3,"7":3,"8":3,"9":3,"10":3,"11":3,"12":3,"13":3,"14":3,"15":3,"16":3,"17":3,"18":3,"19":3,"20":3,"21":3,"22":3,"23":3,"24":3,"25":3,"26":3,"27":3,"28":3,"29":3,"30":3,"31":3,"32":3,"33":3,"34":3,"35":3,"36":3,"37":3,"38":3,"39":3,"40":3,"41":3,"42":3,"43":3,"44":3,"45":3,"46":3,"47":3,"48":3,"49":3,"50":3,"51":3,"52":3,"53":3,"54":3,"55":3},"f":{},"b":{},"_coverageSchema":"332fd63041d2c1bcb487cc26dd0d5f7d97098a6c","hash":"ae2d8233568f956c816208bb96b2be4b9c6b98ee"}
,"D:\\Programowanie\\imuaythai-judge\\common\\messageHandler.js": {"path":"D:\\Programowanie\\imuaythai-judge\\common\\messageHandler.js","statementMap":{"0":{"start":{"line":4,"column":29},"end":{"line":38,"column":1}},"1":{"start":{"line":5,"column":22},"end":{"line":5,"column":43}},"2":{"start":{"line":6,"column":2},"end":{"line":37,"column":3}},"3":{"start":{"line":8,"column":6},"end":{"line":8,"column":55}},"4":{"start":{"line":9,"column":6},"end":{"line":9,"column":12}},"5":{"start":{"line":11,"column":6},"end":{"line":11,"column":35}},"6":{"start":{"line":12,"column":6},"end":{"line":12,"column":12}},"7":{"start":{"line":14,"column":6},"end":{"line":14,"column":38}},"8":{"start":{"line":15,"column":6},"end":{"line":15,"column":12}},"9":{"start":{"line":17,"column":6},"end":{"line":17,"column":37}},"10":{"start":{"line":18,"column":6},"end":{"line":18,"column":12}},"11":{"start":{"line":20,"column":6},"end":{"line":20,"column":35}},"12":{"start":{"line":21,"column":6},"end":{"line":21,"column":12}},"13":{"start":{"line":23,"column":6},"end":{"line":23,"column":40}},"14":{"start":{"line":24,"column":6},"end":{"line":24,"column":12}},"15":{"start":{"line":26,"column":6},"end":{"line":26,"column":39}},"16":{"start":{"line":27,"column":6},"end":{"line":27,"column":12}},"17":{"start":{"line":29,"column":6},"end":{"line":29,"column":54}},"18":{"start":{"line":30,"column":6},"end":{"line":30,"column":12}},"19":{"start":{"line":32,"column":6},"end":{"line":32,"column":49}},"20":{"start":{"line":33,"column":6},"end":{"line":33,"column":12}},"21":{"start":{"line":36,"column":6},"end":{"line":36,"column":12}},"22":{"start":{"line":40,"column":31},"end":{"line":45,"column":1}},"23":{"start":{"line":41,"column":2},"end":{"line":42,"column":48}},"24":{"start":{"line":42,"column":4},"end":{"line":42,"column":48}},"25":{"start":{"line":44,"column":2},"end":{"line":44,"column":33}},"26":{"start":{"line":47,"column":28},"end":{"line":60,"column":1}},"27":{"start":{"line":48,"column":21},"end":{"line":48,"column":25}},"28":{"start":{"line":49,"column":17},"end":{"line":49,"column":36}},"29":{"start":{"line":51,"column":2},"end":{"line":55,"column":3}},"30":{"start":{"line":52,"column":4},"end":{"line":52,"column":45}},"31":{"start":{"line":54,"column":4},"end":{"line":54,"column":33}},"32":{"start":{"line":57,"column":2},"end":{"line":57,"column":31}},"33":{"start":{"line":59,"column":2},"end":{"line":59,"column":18}}},"fnMap":{"0":{"name":"(anonymous_0)","decl":{"start":{"line":4,"column":29},"end":{"line":4,"column":30}},"loc":{"start":{"line":4,"column":52},"end":{"line":38,"column":1}},"line":4},"1":{"name":"(anonymous_1)","decl":{"start":{"line":40,"column":31},"end":{"line":40,"column":32}},"loc":{"start":{"line":40,"column":42},"end":{"line":45,"column":1}},"line":40},"2":{"name":"(anonymous_2)","decl":{"start":{"line":47,"column":28},"end":{"line":47,"column":29}},"loc":{"start":{"line":47,"column":39},"end":{"line":60,"column":1}},"line":47}},"branchMap":{"0":{"loc":{"start":{"line":6,"column":2},"end":{"line":37,"column":3}},"type":"switch","locations":[{"start":{"line":7,"column":4},"end":{"line":9,"column":12}},{"start":{"line":10,"column":4},"end":{"line":12,"column":12}},{"start":{"line":13,"column":4},"end":{"line":15,"column":12}},{"start":{"line":16,"column":4},"end":{"line":18,"column":12}},{"start":{"line":19,"column":4},"end":{"line":21,"column":12}},{"start":{"line":22,"column":4},"end":{"line":24,"column":12}},{"start":{"line":25,"column":4},"end":{"line":27,"column":12}},{"start":{"line":28,"column":4},"end":{"line":30,"column":12}},{"start":{"line":31,"column":4},"end":{"line":33,"column":12}},{"start":{"line":35,"column":4},"end":{"line":36,"column":12}}],"line":6},"1":{"loc":{"start":{"line":41,"column":2},"end":{"line":42,"column":48}},"type":"if","locations":[{"start":{"line":41,"column":2},"end":{"line":42,"column":48}},{"start":{"line":41,"column":2},"end":{"line":42,"column":48}}],"line":41},"2":{"loc":{"start":{"line":41,"column":6},"end":{"line":41,"column":49}},"type":"binary-expr","locations":[{"start":{"line":41,"column":6},"end":{"line":41,"column":13}},{"start":{"line":41,"column":17},"end":{"line":41,"column":49}}],"line":41}},"s":{"0":1,"1":0,"2":0,"3":0,"4":0,"5":0,"6":0,"7":0,"8":0,"9":0,"10":0,"11":0,"12":0,"13":0,"14":0,"15":0,"16":0,"17":0,"18":0,"19":0,"20":0,"21":0,"22":1,"23":0,"24":0,"25":0,"26":1,"27":0,"28":0,"29":0,"30":0,"31":0,"32":0,"33":0},"f":{"0":0,"1":0,"2":0},"b":{"0":[0,0,0,0,0,0,0,0,0,0],"1":[0,0],"2":[0,0]},"_coverageSchema":"332fd63041d2c1bcb487cc26dd0d5f7d97098a6c","hash":"cf2850cbeab2e72112e782fafce699b6afa2a89b"}
,"D:\\Programowanie\\imuaythai-judge\\common\\requestTypes.js": {"path":"D:\\Programowanie\\imuaythai-judge\\common\\requestTypes.js","statementMap":{"0":{"start":{"line":1,"column":23},"end":{"line":1,"column":24}},"1":{"start":{"line":2,"column":29},"end":{"line":2,"column":30}},"2":{"start":{"line":3,"column":26},"end":{"line":3,"column":27}},"3":{"start":{"line":4,"column":26},"end":{"line":4,"column":27}},"4":{"start":{"line":5,"column":26},"end":{"line":5,"column":27}},"5":{"start":{"line":6,"column":24},"end":{"line":6,"column":25}},"6":{"start":{"line":7,"column":28},"end":{"line":7,"column":29}},"7":{"start":{"line":8,"column":28},"end":{"line":8,"column":29}},"8":{"start":{"line":9,"column":37},"end":{"line":9,"column":38}},"9":{"start":{"line":10,"column":26},"end":{"line":10,"column":27}},"10":{"start":{"line":11,"column":24},"end":{"line":11,"column":26}},"11":{"start":{"line":12,"column":24},"end":{"line":12,"column":26}},"12":{"start":{"line":13,"column":26},"end":{"line":13,"column":28}},"13":{"start":{"line":14,"column":27},"end":{"line":14,"column":29}}},"fnMap":{},"branchMap":{},"s":{"0":1,"1":1,"2":1,"3":1,"4":1,"5":1,"6":1,"7":1,"8":1,"9":1,"10":1,"11":1,"12":1,"13":1},"f":{},"b":{},"_coverageSchema":"332fd63041d2c1bcb487cc26dd0d5f7d97098a6c","hash":"0260e626438558e441aadb54def2d919d08794f0"}
,"D:\\Programowanie\\imuaythai-judge\\common\\timer.js": {"path":"D:\\Programowanie\\imuaythai-judge\\common\\timer.js","statementMap":{"0":{"start":{"line":7,"column":4},"end":{"line":7,"column":17}},"1":{"start":{"line":8,"column":4},"end":{"line":11,"column":6}},"2":{"start":{"line":12,"column":4},"end":{"line":12,"column":39}},"3":{"start":{"line":13,"column":4},"end":{"line":13,"column":37}},"4":{"start":{"line":14,"column":4},"end":{"line":14,"column":39}},"5":{"start":{"line":15,"column":4},"end":{"line":15,"column":49}},"6":{"start":{"line":16,"column":18},"end":{"line":16,"column":41}},"7":{"start":{"line":17,"column":4},"end":{"line":29,"column":6}},"8":{"start":{"line":33,"column":4},"end":{"line":35,"column":5}},"9":{"start":{"line":34,"column":6},"end":{"line":34,"column":19}},"10":{"start":{"line":39,"column":4},"end":{"line":43,"column":5}},"11":{"start":{"line":40,"column":6},"end":{"line":40,"column":19}},"12":{"start":{"line":42,"column":6},"end":{"line":42,"column":18}},"13":{"start":{"line":44,"column":4},"end":{"line":46,"column":5}},"14":{"start":{"line":45,"column":6},"end":{"line":45,"column":19}},"15":{"start":{"line":50,"column":6},"end":{"line":51,"column":15}},"16":{"start":{"line":51,"column":8},"end":{"line":51,"column":15}},"17":{"start":{"line":52,"column":25},"end":{"line":52,"column":106}},"18":{"start":{"line":52,"column":83},"end":{"line":52,"column":106}},"19":{"start":{"line":53,"column":20},"end":{"line":53,"column":67}},"20":{"start":{"line":54,"column":4},"end":{"line":63,"column":10}},"21":{"start":{"line":55,"column":24},"end":{"line":55,"column":44}},"22":{"start":{"line":56,"column":6},"end":{"line":61,"column":7}},"23":{"start":{"line":57,"column":8},"end":{"line":57,"column":42}},"24":{"start":{"line":58,"column":8},"end":{"line":58,"column":20}},"25":{"start":{"line":59,"column":8},"end":{"line":59,"column":23}},"26":{"start":{"line":60,"column":8},"end":{"line":60,"column":15}},"27":{"start":{"line":62,"column":6},"end":{"line":62,"column":63}},"28":{"start":{"line":67,"column":6},"end":{"line":67,"column":37}},"29":{"start":{"line":68,"column":4},"end":{"line":68,"column":33}},"30":{"start":{"line":73,"column":4},"end":{"line":73,"column":61}},"31":{"start":{"line":78,"column":14},"end":{"line":78,"column":38}},"32":{"start":{"line":79,"column":16},"end":{"line":79,"column":26}},"33":{"start":{"line":81,"column":4},"end":{"line":85,"column":5}},"34":{"start":{"line":82,"column":6},"end":{"line":82,"column":27}},"35":{"start":{"line":83,"column":11},"end":{"line":85,"column":5}},"36":{"start":{"line":84,"column":6},"end":{"line":84,"column":26}},"37":{"start":{"line":87,"column":18},"end":{"line":87,"column":40}},"38":{"start":{"line":88,"column":18},"end":{"line":88,"column":41}},"39":{"start":{"line":89,"column":16},"end":{"line":89,"column":41}},"40":{"start":{"line":90,"column":4},"end":{"line":90,"column":39}},"41":{"start":{"line":91,"column":4},"end":{"line":91,"column":37}},"42":{"start":{"line":95,"column":4},"end":{"line":102,"column":5}},"43":{"start":{"line":96,"column":6},"end":{"line":98,"column":38}},"44":{"start":{"line":100,"column":6},"end":{"line":101,"column":62}},"45":{"start":{"line":104,"column":4},"end":{"line":105,"column":36}},"46":{"start":{"line":105,"column":6},"end":{"line":105,"column":36}},"47":{"start":{"line":107,"column":4},"end":{"line":107,"column":21}},"48":{"start":{"line":112,"column":19},"end":{"line":112,"column":79}},"49":{"start":{"line":114,"column":4},"end":{"line":118,"column":6}}},"fnMap":{"0":{"name":"(anonymous_0)","decl":{"start":{"line":6,"column":2},"end":{"line":6,"column":3}},"loc":{"start":{"line":6,"column":21},"end":{"line":30,"column":3}},"line":6},"1":{"name":"(anonymous_1)","decl":{"start":{"line":32,"column":2},"end":{"line":32,"column":3}},"loc":{"start":{"line":32,"column":22},"end":{"line":36,"column":3}},"line":32},"2":{"name":"(anonymous_2)","decl":{"start":{"line":38,"column":2},"end":{"line":38,"column":3}},"loc":{"start":{"line":38,"column":38},"end":{"line":47,"column":3}},"line":38},"3":{"name":"(anonymous_3)","decl":{"start":{"line":49,"column":2},"end":{"line":49,"column":3}},"loc":{"start":{"line":49,"column":10},"end":{"line":64,"column":3}},"line":49},"4":{"name":"(anonymous_4)","decl":{"start":{"line":52,"column":77},"end":{"line":52,"column":78}},"loc":{"start":{"line":52,"column":83},"end":{"line":52,"column":106}},"line":52},"5":{"name":"(anonymous_5)","decl":{"start":{"line":54,"column":32},"end":{"line":54,"column":33}},"loc":{"start":{"line":54,"column":38},"end":{"line":63,"column":5}},"line":54},"6":{"name":"(anonymous_6)","decl":{"start":{"line":66,"column":2},"end":{"line":66,"column":3}},"loc":{"start":{"line":66,"column":9},"end":{"line":70,"column":3}},"line":66},"7":{"name":"(anonymous_7)","decl":{"start":{"line":72,"column":2},"end":{"line":72,"column":3}},"loc":{"start":{"line":72,"column":10},"end":{"line":74,"column":3}},"line":72},"8":{"name":"(anonymous_8)","decl":{"start":{"line":76,"column":2},"end":{"line":76,"column":3}},"loc":{"start":{"line":76,"column":15},"end":{"line":108,"column":3}},"line":76},"9":{"name":"(anonymous_9)","decl":{"start":{"line":110,"column":2},"end":{"line":110,"column":3}},"loc":{"start":{"line":110,"column":11},"end":{"line":119,"column":3}},"line":110}},"branchMap":{"0":{"loc":{"start":{"line":16,"column":18},"end":{"line":16,"column":41}},"type":"cond-expr","locations":[{"start":{"line":16,"column":32},"end":{"line":16,"column":35}},{"start":{"line":16,"column":38},"end":{"line":16,"column":41}}],"line":16},"1":{"loc":{"start":{"line":33,"column":4},"end":{"line":35,"column":5}},"type":"if","locations":[{"start":{"line":33,"column":4},"end":{"line":35,"column":5}},{"start":{"line":33,"column":4},"end":{"line":35,"column":5}}],"line":33},"2":{"loc":{"start":{"line":39,"column":4},"end":{"line":43,"column":5}},"type":"if","locations":[{"start":{"line":39,"column":4},"end":{"line":43,"column":5}},{"start":{"line":39,"column":4},"end":{"line":43,"column":5}}],"line":39},"3":{"loc":{"start":{"line":44,"column":4},"end":{"line":46,"column":5}},"type":"if","locations":[{"start":{"line":44,"column":4},"end":{"line":46,"column":5}},{"start":{"line":44,"column":4},"end":{"line":46,"column":5}}],"line":44},"4":{"loc":{"start":{"line":50,"column":6},"end":{"line":51,"column":15}},"type":"if","locations":[{"start":{"line":50,"column":6},"end":{"line":51,"column":15}},{"start":{"line":50,"column":6},"end":{"line":51,"column":15}}],"line":50},"5":{"loc":{"start":{"line":52,"column":25},"end":{"line":52,"column":106}},"type":"cond-expr","locations":[{"start":{"line":52,"column":51},"end":{"line":52,"column":74}},{"start":{"line":52,"column":77},"end":{"line":52,"column":106}}],"line":52},"6":{"loc":{"start":{"line":56,"column":6},"end":{"line":61,"column":7}},"type":"if","locations":[{"start":{"line":56,"column":6},"end":{"line":61,"column":7}},{"start":{"line":56,"column":6},"end":{"line":61,"column":7}}],"line":56},"7":{"loc":{"start":{"line":81,"column":4},"end":{"line":85,"column":5}},"type":"if","locations":[{"start":{"line":81,"column":4},"end":{"line":85,"column":5}},{"start":{"line":81,"column":4},"end":{"line":85,"column":5}}],"line":81},"8":{"loc":{"start":{"line":83,"column":11},"end":{"line":85,"column":5}},"type":"if","locations":[{"start":{"line":83,"column":11},"end":{"line":85,"column":5}},{"start":{"line":83,"column":11},"end":{"line":85,"column":5}}],"line":83},"9":{"loc":{"start":{"line":95,"column":4},"end":{"line":102,"column":5}},"type":"if","locations":[{"start":{"line":95,"column":4},"end":{"line":102,"column":5}},{"start":{"line":95,"column":4},"end":{"line":102,"column":5}}],"line":95},"10":{"loc":{"start":{"line":96,"column":21},"end":{"line":96,"column":40}},"type":"cond-expr","locations":[{"start":{"line":96,"column":34},"end":{"line":96,"column":35}},{"start":{"line":96,"column":38},"end":{"line":96,"column":40}}],"line":96},"11":{"loc":{"start":{"line":96,"column":52},"end":{"line":97,"column":14}},"type":"cond-expr","locations":[{"start":{"line":97,"column":8},"end":{"line":97,"column":9}},{"start":{"line":97,"column":12},"end":{"line":97,"column":14}}],"line":96},"12":{"loc":{"start":{"line":97,"column":28},"end":{"line":98,"column":16}},"type":"cond-expr","locations":[{"start":{"line":98,"column":10},"end":{"line":98,"column":11}},{"start":{"line":98,"column":14},"end":{"line":98,"column":16}}],"line":97},"13":{"loc":{"start":{"line":100,"column":21},"end":{"line":100,"column":40}},"type":"cond-expr","locations":[{"start":{"line":100,"column":34},"end":{"line":100,"column":35}},{"start":{"line":100,"column":38},"end":{"line":100,"column":40}}],"line":100},"14":{"loc":{"start":{"line":100,"column":52},"end":{"line":101,"column":14}},"type":"cond-expr","locations":[{"start":{"line":101,"column":8},"end":{"line":101,"column":9}},{"start":{"line":101,"column":12},"end":{"line":101,"column":14}}],"line":100},"15":{"loc":{"start":{"line":101,"column":28},"end":{"line":101,"column":49}},"type":"cond-expr","locations":[{"start":{"line":101,"column":43},"end":{"line":101,"column":44}},{"start":{"line":101,"column":47},"end":{"line":101,"column":49}}],"line":101},"16":{"loc":{"start":{"line":104,"column":4},"end":{"line":105,"column":36}},"type":"if","locations":[{"start":{"line":104,"column":4},"end":{"line":105,"column":36}},{"start":{"line":104,"column":4},"end":{"line":105,"column":36}}],"line":104},"17":{"loc":{"start":{"line":112,"column":19},"end":{"line":112,"column":79}},"type":"cond-expr","locations":[{"start":{"line":112,"column":40},"end":{"line":112,"column":58}},{"start":{"line":112,"column":61},"end":{"line":112,"column":79}}],"line":112}},"s":{"0":0,"1":0,"2":0,"3":0,"4":0,"5":0,"6":0,"7":0,"8":0,"9":0,"10":0,"11":0,"12":0,"13":0,"14":0,"15":0,"16":0,"17":0,"18":0,"19":0,"20":0,"21":0,"22":0,"23":0,"24":0,"25":0,"26":0,"27":0,"28":0,"29":0,"30":0,"31":0,"32":0,"33":0,"34":0,"35":0,"36":0,"37":0,"38":0,"39":0,"40":0,"41":0,"42":0,"43":0,"44":0,"45":0,"46":0,"47":0,"48":0,"49":0},"f":{"0":0,"1":0,"2":0,"3":0,"4":0,"5":0,"6":0,"7":0,"8":0,"9":0},"b":{"0":[0,0],"1":[0,0],"2":[0,0],"3":[0,0],"4":[0,0],"5":[0,0],"6":[0,0],"7":[0,0],"8":[0,0],"9":[0,0],"10":[0,0],"11":[0,0],"12":[0,0],"13":[0,0],"14":[0,0],"15":[0,0],"16":[0,0],"17":[0,0]},"_coverageSchema":"332fd63041d2c1bcb487cc26dd0d5f7d97098a6c","hash":"6d6d4dc28200e3739b3d09872fa95bc8a65cbb64"}
,"D:\\Programowanie\\imuaythai-judge\\components\\Fight\\FightHeader.js": {"path":"D:\\Programowanie\\imuaythai-judge\\components\\Fight\\FightHeader.js","statementMap":{"0":{"start":{"line":5,"column":16},"end":{"line":12,"column":1}},"1":{"start":{"line":14,"column":20},"end":{"line":90,"column":1}},"2":{"start":{"line":15,"column":2},"end":{"line":89,"column":4}}},"fnMap":{"0":{"name":"(anonymous_0)","decl":{"start":{"line":14,"column":20},"end":{"line":14,"column":21}},"loc":{"start":{"line":14,"column":29},"end":{"line":90,"column":1}},"line":14}},"branchMap":{"0":{"loc":{"start":{"line":37,"column":27},"end":{"line":39,"column":23}},"type":"cond-expr","locations":[{"start":{"line":38,"column":14},"end":{"line":38,"column":55}},{"start":{"line":39,"column":14},"end":{"line":39,"column":23}}],"line":37},"1":{"loc":{"start":{"line":38,"column":14},"end":{"line":38,"column":55}},"type":"cond-expr","locations":[{"start":{"line":38,"column":34},"end":{"line":38,"column":43}},{"start":{"line":38,"column":46},"end":{"line":38,"column":55}}],"line":38},"2":{"loc":{"start":{"line":43,"column":9},"end":{"line":86,"column":9}},"type":"cond-expr","locations":[{"start":{"line":44,"column":10},"end":{"line":75,"column":12}},{"start":{"line":77,"column":10},"end":{"line":85,"column":18}}],"line":43},"3":{"loc":{"start":{"line":46,"column":14},"end":{"line":50,"column":15}},"type":"cond-expr","locations":[{"start":{"line":47,"column":16},"end":{"line":47,"column":53}},{"start":{"line":49,"column":16},"end":{"line":49,"column":58}}],"line":46},"4":{"loc":{"start":{"line":54,"column":14},"end":{"line":58,"column":15}},"type":"cond-expr","locations":[{"start":{"line":55,"column":16},"end":{"line":55,"column":37}},{"start":{"line":57,"column":16},"end":{"line":57,"column":37}}],"line":54},"5":{"loc":{"start":{"line":61,"column":14},"end":{"line":65,"column":15}},"type":"cond-expr","locations":[{"start":{"line":62,"column":16},"end":{"line":62,"column":37}},{"start":{"line":64,"column":16},"end":{"line":64,"column":37}}],"line":61},"6":{"loc":{"start":{"line":69,"column":14},"end":{"line":73,"column":15}},"type":"cond-expr","locations":[{"start":{"line":70,"column":16},"end":{"line":70,"column":40}},{"start":{"line":72,"column":16},"end":{"line":72,"column":40}}],"line":69},"7":{"loc":{"start":{"line":78,"column":13},"end":{"line":84,"column":13}},"type":"cond-expr","locations":[{"start":{"line":78,"column":34},"end":{"line":82,"column":13}},{"start":{"line":83,"column":14},"end":{"line":83,"column":33}}],"line":78},"8":{"loc":{"start":{"line":78,"column":34},"end":{"line":82,"column":13}},"type":"cond-expr","locations":[{"start":{"line":79,"column":14},"end":{"line":79,"column":28}},{"start":{"line":81,"column":14},"end":{"line":81,"column":29}}],"line":78}},"s":{"0":1,"1":1,"2":0},"f":{"0":0},"b":{"0":[0,0],"1":[0,0],"2":[0,0],"3":[0,0],"4":[0,0],"5":[0,0],"6":[0,0],"7":[0,0],"8":[0,0]},"_coverageSchema":"332fd63041d2c1bcb487cc26dd0d5f7d97098a6c","hash":"8017cdb3058bf747722f8d4ee59f79ce39c4fce6"}
,"D:\\Programowanie\\imuaythai-judge\\containers\\Fight\\FightHeaderContainer.js": {"path":"D:\\Programowanie\\imuaythai-judge\\containers\\Fight\\FightHeaderContainer.js","statementMap":{"0":{"start":{"line":4,"column":24},"end":{"line":13,"column":1}},"1":{"start":{"line":5,"column":2},"end":{"line":12,"column":4}}},"fnMap":{"0":{"name":"(anonymous_0)","decl":{"start":{"line":4,"column":24},"end":{"line":4,"column":25}},"loc":{"start":{"line":4,"column":45},"end":{"line":13,"column":1}},"line":4}},"branchMap":{},"s":{"0":1,"1":0},"f":{"0":0},"b":{},"_coverageSchema":"332fd63041d2c1bcb487cc26dd0d5f7d97098a6c","hash":"550c877ed292805df2ab4b5bfa24521554442511"}
,"D:\\Programowanie\\imuaythai-judge\\reducers\\TimerReducer.js": {"path":"D:\\Programowanie\\imuaythai-judge\\reducers\\TimerReducer.js","statementMap":{"0":{"start":{"line":3,"column":26},"end":{"line":11,"column":1}},"1":{"start":{"line":12,"column":14},"end":{"line":66,"column":1}},"2":{"start":{"line":13,"column":2},"end":{"line":65,"column":3}},"3":{"start":{"line":15,"column":6},"end":{"line":19,"column":8}},"4":{"start":{"line":21,"column":6},"end":{"line":24,"column":8}},"5":{"start":{"line":26,"column":6},"end":{"line":30,"column":8}},"6":{"start":{"line":32,"column":6},"end":{"line":35,"column":8}},"7":{"start":{"line":37,"column":6},"end":{"line":41,"column":8}},"8":{"start":{"line":43,"column":6},"end":{"line":46,"column":8}},"9":{"start":{"line":48,"column":6},"end":{"line":52,"column":8}},"10":{"start":{"line":54,"column":6},"end":{"line":57,"column":8}},"11":{"start":{"line":59,"column":6},"end":{"line":62,"column":8}},"12":{"start":{"line":64,"column":6},"end":{"line":64,"column":19}}},"fnMap":{"0":{"name":"(anonymous_0)","decl":{"start":{"line":12,"column":14},"end":{"line":12,"column":15}},"loc":{"start":{"line":12,"column":53},"end":{"line":66,"column":1}},"line":12}},"branchMap":{"0":{"loc":{"start":{"line":12,"column":15},"end":{"line":12,"column":40}},"type":"default-arg","locations":[{"start":{"line":12,"column":23},"end":{"line":12,"column":40}}],"line":12},"1":{"loc":{"start":{"line":13,"column":2},"end":{"line":65,"column":3}},"type":"switch","locations":[{"start":{"line":14,"column":4},"end":{"line":19,"column":8}},{"start":{"line":20,"column":4},"end":{"line":24,"column":8}},{"start":{"line":25,"column":4},"end":{"line":30,"column":8}},{"start":{"line":31,"column":4},"end":{"line":35,"column":8}},{"start":{"line":36,"column":4},"end":{"line":41,"column":8}},{"start":{"line":42,"column":4},"end":{"line":46,"column":8}},{"start":{"line":47,"column":4},"end":{"line":52,"column":8}},{"start":{"line":53,"column":4},"end":{"line":57,"column":8}},{"start":{"line":58,"column":4},"end":{"line":62,"column":8}},{"start":{"line":63,"column":4},"end":{"line":64,"column":19}}],"line":13}},"s":{"0":1,"1":1,"2":10,"3":1,"4":1,"5":1,"6":1,"7":1,"8":1,"9":1,"10":1,"11":1,"12":1},"f":{"0":10},"b":{"0":[1],"1":[1,1,1,1,1,1,1,1,1,1]},"_coverageSchema":"332fd63041d2c1bcb487cc26dd0d5f7d97098a6c","hash":"adcb5f81a05fca4b4ecc5265b20314d5ff5240b4"}
}
