{"/home/brejw/Dokumenty/Projekty/imuaythai-judge/actions/TimerActions.js": {"path":"/home/brejw/Dokumenty/Projekty/imuaythai-judge/actions/TimerActions.js","statementMap":{"0":{"start":{"line":3,"column":31},"end":{"line":5,"column":2}},"1":{"start":{"line":3,"column":38},"end":{"line":5,"column":1}},"2":{"start":{"line":6,"column":30},"end":{"line":8,"column":2}},"3":{"start":{"line":6,"column":37},"end":{"line":8,"column":1}},"4":{"start":{"line":9,"column":31},"end":{"line":11,"column":2}},"5":{"start":{"line":9,"column":38},"end":{"line":11,"column":1}},"6":{"start":{"line":12,"column":37},"end":{"line":15,"column":2}},"7":{"start":{"line":12,"column":50},"end":{"line":15,"column":1}},"8":{"start":{"line":17,"column":31},"end":{"line":19,"column":2}},"9":{"start":{"line":17,"column":38},"end":{"line":19,"column":1}},"10":{"start":{"line":20,"column":30},"end":{"line":22,"column":2}},"11":{"start":{"line":20,"column":37},"end":{"line":22,"column":1}},"12":{"start":{"line":23,"column":31},"end":{"line":25,"column":2}},"13":{"start":{"line":23,"column":38},"end":{"line":25,"column":1}},"14":{"start":{"line":26,"column":37},"end":{"line":29,"column":2}},"15":{"start":{"line":26,"column":50},"end":{"line":29,"column":1}},"16":{"start":{"line":31,"column":30},"end":{"line":34,"column":2}},"17":{"start":{"line":31,"column":40},"end":{"line":34,"column":1}}},"fnMap":{"0":{"name":"(anonymous_0)","decl":{"start":{"line":3,"column":31},"end":{"line":3,"column":32}},"loc":{"start":{"line":3,"column":38},"end":{"line":5,"column":1}},"line":3},"1":{"name":"(anonymous_1)","decl":{"start":{"line":6,"column":30},"end":{"line":6,"column":31}},"loc":{"start":{"line":6,"column":37},"end":{"line":8,"column":1}},"line":6},"2":{"name":"(anonymous_2)","decl":{"start":{"line":9,"column":31},"end":{"line":9,"column":32}},"loc":{"start":{"line":9,"column":38},"end":{"line":11,"column":1}},"line":9},"3":{"name":"(anonymous_3)","decl":{"start":{"line":12,"column":37},"end":{"line":12,"column":38}},"loc":{"start":{"line":12,"column":50},"end":{"line":15,"column":1}},"line":12},"4":{"name":"(anonymous_4)","decl":{"start":{"line":17,"column":31},"end":{"line":17,"column":32}},"loc":{"start":{"line":17,"column":38},"end":{"line":19,"column":1}},"line":17},"5":{"name":"(anonymous_5)","decl":{"start":{"line":20,"column":30},"end":{"line":20,"column":31}},"loc":{"start":{"line":20,"column":37},"end":{"line":22,"column":1}},"line":20},"6":{"name":"(anonymous_6)","decl":{"start":{"line":23,"column":31},"end":{"line":23,"column":32}},"loc":{"start":{"line":23,"column":38},"end":{"line":25,"column":1}},"line":23},"7":{"name":"(anonymous_7)","decl":{"start":{"line":26,"column":37},"end":{"line":26,"column":38}},"loc":{"start":{"line":26,"column":50},"end":{"line":29,"column":1}},"line":26},"8":{"name":"(anonymous_8)","decl":{"start":{"line":31,"column":30},"end":{"line":31,"column":31}},"loc":{"start":{"line":31,"column":40},"end":{"line":34,"column":1}},"line":31}},"branchMap":{},"s":{"0":1,"1":1,"2":1,"3":1,"4":1,"5":1,"6":1,"7":1,"8":1,"9":1,"10":1,"11":1,"12":1,"13":1,"14":1,"15":1,"16":1,"17":1},"f":{"0":1,"1":1,"2":1,"3":1,"4":1,"5":1,"6":1,"7":1,"8":1},"b":{},"_coverageSchema":"332fd63041d2c1bcb487cc26dd0d5f7d97098a6c","hash":"d84ce4b0b588c12c5065ce2f34613a2bdb2f9f03"}
,"/home/brejw/Dokumenty/Projekty/imuaythai-judge/actions/types.js": {"path":"/home/brejw/Dokumenty/Projekty/imuaythai-judge/actions/types.js","statementMap":{"0":{"start":{"line":2,"column":37},"end":{"line":2,"column":60}},"1":{"start":{"line":3,"column":37},"end":{"line":3,"column":60}},"2":{"start":{"line":4,"column":38},"end":{"line":4,"column":62}},"3":{"start":{"line":5,"column":30},"end":{"line":5,"column":46}},"4":{"start":{"line":6,"column":39},"end":{"line":6,"column":64}},"5":{"start":{"line":9,"column":26},"end":{"line":9,"column":38}},"6":{"start":{"line":10,"column":28},"end":{"line":10,"column":42}},"7":{"start":{"line":11,"column":28},"end":{"line":11,"column":42}},"8":{"start":{"line":12,"column":28},"end":{"line":12,"column":42}},"9":{"start":{"line":15,"column":34},"end":{"line":15,"column":54}},"10":{"start":{"line":16,"column":34},"end":{"line":16,"column":54}},"11":{"start":{"line":17,"column":35},"end":{"line":17,"column":56}},"12":{"start":{"line":18,"column":41},"end":{"line":18,"column":68}},"13":{"start":{"line":19,"column":41},"end":{"line":19,"column":68}},"14":{"start":{"line":20,"column":42},"end":{"line":20,"column":70}},"15":{"start":{"line":21,"column":28},"end":{"line":21,"column":42}},"16":{"start":{"line":22,"column":26},"end":{"line":22,"column":38}},"17":{"start":{"line":25,"column":33},"end":{"line":25,"column":52}},"18":{"start":{"line":26,"column":38},"end":{"line":26,"column":62}},"19":{"start":{"line":27,"column":38},"end":{"line":27,"column":62}},"20":{"start":{"line":28,"column":42},"end":{"line":28,"column":70}},"21":{"start":{"line":29,"column":36},"end":{"line":29,"column":58}},"22":{"start":{"line":30,"column":39},"end":{"line":30,"column":64}},"23":{"start":{"line":33,"column":34},"end":{"line":33,"column":54}},"24":{"start":{"line":34,"column":34},"end":{"line":34,"column":54}},"25":{"start":{"line":37,"column":24},"end":{"line":37,"column":34}},"26":{"start":{"line":38,"column":28},"end":{"line":38,"column":42}},"27":{"start":{"line":39,"column":33},"end":{"line":39,"column":52}},"28":{"start":{"line":40,"column":27},"end":{"line":40,"column":40}},"29":{"start":{"line":41,"column":36},"end":{"line":41,"column":58}},"30":{"start":{"line":42,"column":36},"end":{"line":42,"column":58}},"31":{"start":{"line":43,"column":37},"end":{"line":43,"column":60}},"32":{"start":{"line":46,"column":33},"end":{"line":46,"column":52}},"33":{"start":{"line":47,"column":32},"end":{"line":47,"column":50}},"34":{"start":{"line":48,"column":33},"end":{"line":48,"column":52}},"35":{"start":{"line":49,"column":40},"end":{"line":49,"column":66}},"36":{"start":{"line":50,"column":33},"end":{"line":50,"column":52}},"37":{"start":{"line":51,"column":32},"end":{"line":51,"column":50}},"38":{"start":{"line":52,"column":33},"end":{"line":52,"column":52}},"39":{"start":{"line":53,"column":40},"end":{"line":53,"column":66}},"40":{"start":{"line":54,"column":32},"end":{"line":54,"column":50}}},"fnMap":{},"branchMap":{},"s":{"0":2,"1":2,"2":2,"3":2,"4":2,"5":2,"6":2,"7":2,"8":2,"9":2,"10":2,"11":2,"12":2,"13":2,"14":2,"15":2,"16":2,"17":2,"18":2,"19":2,"20":2,"21":2,"22":2,"23":2,"24":2,"25":2,"26":2,"27":2,"28":2,"29":2,"30":2,"31":2,"32":2,"33":2,"34":2,"35":2,"36":2,"37":2,"38":2,"39":2,"40":2},"f":{},"b":{},"_coverageSchema":"332fd63041d2c1bcb487cc26dd0d5f7d97098a6c","hash":"109f528677d7b17cd7eebef88660b72b7fd0d572"}
,"/home/brejw/Dokumenty/Projekty/imuaythai-judge/reducers/TimerReducer.js": {"path":"/home/brejw/Dokumenty/Projekty/imuaythai-judge/reducers/TimerReducer.js","statementMap":{"0":{"start":{"line":3,"column":26},"end":{"line":11,"column":1}},"1":{"start":{"line":12,"column":14},"end":{"line":66,"column":1}},"2":{"start":{"line":13,"column":2},"end":{"line":65,"column":3}},"3":{"start":{"line":15,"column":6},"end":{"line":19,"column":8}},"4":{"start":{"line":21,"column":6},"end":{"line":24,"column":8}},"5":{"start":{"line":26,"column":6},"end":{"line":30,"column":8}},"6":{"start":{"line":32,"column":6},"end":{"line":35,"column":8}},"7":{"start":{"line":37,"column":6},"end":{"line":41,"column":8}},"8":{"start":{"line":43,"column":6},"end":{"line":46,"column":8}},"9":{"start":{"line":48,"column":6},"end":{"line":52,"column":8}},"10":{"start":{"line":54,"column":6},"end":{"line":57,"column":8}},"11":{"start":{"line":59,"column":6},"end":{"line":62,"column":8}},"12":{"start":{"line":64,"column":6},"end":{"line":64,"column":19}}},"fnMap":{"0":{"name":"(anonymous_0)","decl":{"start":{"line":12,"column":14},"end":{"line":12,"column":15}},"loc":{"start":{"line":12,"column":53},"end":{"line":66,"column":1}},"line":12}},"branchMap":{"0":{"loc":{"start":{"line":12,"column":15},"end":{"line":12,"column":40}},"type":"default-arg","locations":[{"start":{"line":12,"column":23},"end":{"line":12,"column":40}}],"line":12},"1":{"loc":{"start":{"line":13,"column":2},"end":{"line":65,"column":3}},"type":"switch","locations":[{"start":{"line":14,"column":4},"end":{"line":19,"column":8}},{"start":{"line":20,"column":4},"end":{"line":24,"column":8}},{"start":{"line":25,"column":4},"end":{"line":30,"column":8}},{"start":{"line":31,"column":4},"end":{"line":35,"column":8}},{"start":{"line":36,"column":4},"end":{"line":41,"column":8}},{"start":{"line":42,"column":4},"end":{"line":46,"column":8}},{"start":{"line":47,"column":4},"end":{"line":52,"column":8}},{"start":{"line":53,"column":4},"end":{"line":57,"column":8}},{"start":{"line":58,"column":4},"end":{"line":62,"column":8}},{"start":{"line":63,"column":4},"end":{"line":64,"column":19}}],"line":13}},"s":{"0":1,"1":1,"2":10,"3":1,"4":1,"5":1,"6":1,"7":1,"8":1,"9":1,"10":1,"11":1,"12":1},"f":{"0":10},"b":{"0":[1],"1":[1,1,1,1,1,1,1,1,1,1]},"_coverageSchema":"332fd63041d2c1bcb487cc26dd0d5f7d97098a6c","hash":"254e41c11745b78bb68f4f42ce3c591861de4995"}
}
