TN:
SF:D:\Programowanie\imuaythai-judge\actions\FightActions.js
FN:10,(anonymous_0)
FN:11,(anonymous_1)
FN:18,(anonymous_2)
FN:24,(anonymous_3)
FN:35,(anonymous_4)
FN:36,(anonymous_5)
FN:44,(anonymous_6)
FN:50,(anonymous_7)
FN:62,(anonymous_8)
FN:63,(anonymous_9)
FN:72,(anonymous_10)
FN:73,(anonymous_11)
FN:81,(anonymous_12)
FN:82,(anonymous_13)
FN:113,(anonymous_14)
FN:114,(anonymous_15)
FN:142,(anonymous_16)
FN:143,(anonymous_17)
FN:154,(anonymous_18)
FN:163,(anonymous_19)
FN:179,(anonymous_20)
FN:180,(anonymous_21)
FN:195,(anonymous_22)
FN:196,(anonymous_23)
FN:211,(anonymous_24)
FN:212,(anonymous_25)
FN:236,(anonymous_26)
FN:237,(anonymous_27)
FN:248,(anonymous_28)
FN:249,(anonymous_29)
FN:260,(anonymous_30)
FN:261,(anonymous_31)
FN:271,(anonymous_32)
FN:272,(anonymous_33)
FN:280,(anonymous_34)
FNF:35
FNH:30
FNDA:1,(anonymous_0)
FNDA:1,(anonymous_1)
FNDA:1,(anonymous_2)
FNDA:0,(anonymous_3)
FNDA:2,(anonymous_4)
FNDA:2,(anonymous_5)
FNDA:1,(anonymous_6)
FNDA:0,(anonymous_7)
FNDA:1,(anonymous_8)
FNDA:1,(anonymous_9)
FNDA:1,(anonymous_10)
FNDA:1,(anonymous_11)
FNDA:3,(anonymous_12)
FNDA:3,(anonymous_13)
FNDA:3,(anonymous_14)
FNDA:3,(anonymous_15)
FNDA:2,(anonymous_16)
FNDA:2,(anonymous_17)
FNDA:2,(anonymous_18)
FNDA:2,(anonymous_19)
FNDA:3,(anonymous_20)
FNDA:3,(anonymous_21)
FNDA:3,(anonymous_22)
FNDA:3,(anonymous_23)
FNDA:3,(anonymous_24)
FNDA:3,(anonymous_25)
FNDA:1,(anonymous_26)
FNDA:1,(anonymous_27)
FNDA:2,(anonymous_28)
FNDA:2,(anonymous_29)
FNDA:2,(anonymous_30)
FNDA:2,(anonymous_31)
FNDA:0,(anonymous_32)
FNDA:0,(anonymous_33)
FNDA:0,(anonymous_34)
DA:8,1
DA:10,1
DA:11,1
DA:12,1
DA:13,1
DA:16,1
DA:19,1
DA:25,0
DA:29,0
DA:30,0
DA:35,1
DA:36,2
DA:37,2
DA:38,2
DA:40,2
DA:41,2
DA:44,2
DA:45,1
DA:50,1
DA:51,0
DA:55,0
DA:56,0
DA:62,1
DA:63,1
DA:64,1
DA:68,1
DA:72,1
DA:73,1
DA:74,1
DA:75,1
DA:81,1
DA:82,3
DA:83,3
DA:85,3
DA:87,1
DA:90,1
DA:92,1
DA:96,1
DA:99,1
DA:101,1
DA:104,1
DA:107,3
DA:113,1
DA:114,3
DA:115,3
DA:117,3
DA:120,2
DA:124,2
DA:127,2
DA:129,1
DA:132,1
DA:134,0
DA:136,3
DA:142,1
DA:143,2
DA:144,2
DA:145,2
DA:147,2
DA:148,0
DA:152,2
DA:154,2
DA:157,0
DA:161,2
DA:163,2
DA:166,2
DA:171,0
DA:179,1
DA:180,3
DA:181,3
DA:182,3
DA:185,2
DA:189,3
DA:195,1
DA:196,3
DA:197,3
DA:198,3
DA:201,2
DA:205,3
DA:211,1
DA:212,3
DA:213,3
DA:214,3
DA:216,1
DA:219,1
DA:222,1
DA:225,2
DA:228,2
DA:231,2
DA:236,1
DA:237,1
DA:238,1
DA:240,1
DA:242,1
DA:248,1
DA:249,2
DA:250,2
DA:251,2
DA:253,2
DA:256,2
DA:260,1
DA:261,2
DA:262,2
DA:263,2
DA:265,2
DA:271,1
DA:272,0
DA:273,0
DA:274,0
DA:275,0
DA:276,0
DA:280,1
DA:281,0
DA:282,0
DA:283,0
DA:284,0
LF:115
LH:96
BRDA:29,0,0,0
BRDA:29,0,1,0
BRDA:40,1,0,0
BRDA:40,1,1,2
BRDA:55,2,0,0
BRDA:55,2,1,0
BRDA:85,3,0,1
BRDA:85,3,1,1
BRDA:85,3,2,1
BRDA:117,4,0,1
BRDA:117,4,1,2
BRDA:117,4,2,1
BRDA:117,4,3,0
BRDA:147,5,0,0
BRDA:147,5,1,2
BRDA:152,6,0,0
BRDA:152,6,1,2
BRDA:154,7,0,2
BRDA:154,7,1,2
BRDA:161,8,0,2
BRDA:161,8,1,0
BRDA:163,9,0,2
BRDA:163,9,1,2
BRDA:182,10,0,1
BRDA:182,10,1,2
BRDA:198,11,0,1
BRDA:198,11,1,2
BRDA:214,12,0,1
BRDA:214,12,1,1
BRDA:214,12,2,2
BRDA:240,13,0,0
BRDA:240,13,1,1
BRDA:251,14,0,0
BRDA:251,14,1,2
BRDA:263,15,0,0
BRDA:263,15,1,2
BRDA:274,16,0,0
BRDA:274,16,1,0
BRDA:274,17,0,0
BRDA:274,17,1,0
BRDA:275,18,0,0
BRDA:275,18,1,0
BRDA:275,19,0,0
BRDA:275,19,1,0
BRF:44
BRH:24
end_of_record
TN:
SF:D:\Programowanie\imuaythai-judge\actions\MessageActions.js
FN:6,(anonymous_0)
FN:7,(anonymous_1)
FN:17,(anonymous_2)
FN:18,(anonymous_3)
FN:28,(anonymous_4)
FN:29,(anonymous_5)
FN:40,(anonymous_6)
FN:41,(anonymous_7)
FN:52,(anonymous_8)
FN:53,(anonymous_9)
FN:63,(anonymous_10)
FN:64,(anonymous_11)
FN:74,(anonymous_12)
FN:75,(anonymous_13)
FN:85,(anonymous_14)
FN:86,(anonymous_15)
FNF:16
FNH:0
FNDA:0,(anonymous_0)
FNDA:0,(anonymous_1)
FNDA:0,(anonymous_2)
FNDA:0,(anonymous_3)
FNDA:0,(anonymous_4)
FNDA:0,(anonymous_5)
FNDA:0,(anonymous_6)
FNDA:0,(anonymous_7)
FNDA:0,(anonymous_8)
FNDA:0,(anonymous_9)
FNDA:0,(anonymous_10)
FNDA:0,(anonymous_11)
FNDA:0,(anonymous_12)
FNDA:0,(anonymous_13)
FNDA:0,(anonymous_14)
FNDA:0,(anonymous_15)
DA:6,1
DA:7,0
DA:8,0
DA:12,0
DA:13,0
DA:17,1
DA:18,0
DA:19,0
DA:23,0
DA:24,0
DA:28,1
DA:29,0
DA:30,0
DA:31,0
DA:35,0
DA:36,0
DA:40,1
DA:41,0
DA:42,0
DA:43,0
DA:47,0
DA:48,0
DA:52,1
DA:53,0
DA:54,0
DA:58,0
DA:59,0
DA:63,1
DA:64,0
DA:65,0
DA:69,0
DA:70,0
DA:74,1
DA:75,0
DA:76,0
DA:80,0
DA:81,0
DA:85,1
DA:86,0
DA:87,0
DA:91,0
DA:92,0
LF:42
LH:8
BRF:0
BRH:0
end_of_record
TN:
SF:D:\Programowanie\imuaythai-judge\actions\NotifyActionCreators.js
FN:3,(anonymous_0)
FN:8,(anonymous_1)
FN:13,(anonymous_2)
FN:18,(anonymous_3)
FNF:4
FNH:1
FNDA:0,(anonymous_0)
FNDA:2,(anonymous_1)
FNDA:0,(anonymous_2)
FNDA:0,(anonymous_3)
DA:3,1
DA:8,2
DA:13,1
DA:18,1
LF:4
LH:4
BRF:0
BRH:0
end_of_record
TN:
SF:D:\Programowanie\imuaythai-judge\actions\PointActions.js
FN:2,(anonymous_0)
FN:36,(anonymous_1)
FN:38,(anonymous_2)
FN:43,(anonymous_3)
FNF:4
FNH:0
FNDA:0,(anonymous_0)
FNDA:0,(anonymous_1)
FNDA:0,(anonymous_2)
FNDA:0,(anonymous_3)
DA:2,1
DA:3,0
DA:5,0
DA:6,0
DA:7,0
DA:8,0
DA:9,0
DA:17,0
DA:18,0
DA:20,0
DA:28,0
DA:29,0
DA:33,0
DA:36,1
DA:38,1
DA:43,1
LF:16
LH:4
BRF:0
BRH:0
end_of_record
TN:
SF:D:\Programowanie\imuaythai-judge\actions\TimerActions.js
FN:3,(anonymous_0)
FN:6,(anonymous_1)
FN:9,(anonymous_2)
FN:12,(anonymous_3)
FN:17,(anonymous_4)
FN:20,(anonymous_5)
FN:23,(anonymous_6)
FN:26,(anonymous_7)
FN:31,(anonymous_8)
FNF:9
FNH:9
FNDA:1,(anonymous_0)
FNDA:1,(anonymous_1)
FNDA:1,(anonymous_2)
FNDA:1,(anonymous_3)
FNDA:1,(anonymous_4)
FNDA:1,(anonymous_5)
FNDA:1,(anonymous_6)
FNDA:1,(anonymous_7)
FNDA:1,(anonymous_8)
DA:3,1
DA:6,1
DA:9,1
DA:12,1
DA:17,1
DA:20,1
DA:23,1
DA:26,1
DA:31,1
LF:9
LH:9
BRF:0
BRH:0
end_of_record
TN:
SF:D:\Programowanie\imuaythai-judge\actions\WebsocketActions.js
FN:5,(anonymous_0)
FN:18,(anonymous_1)
FN:19,(anonymous_2)
FN:26,(anonymous_3)
FN:27,(anonymous_4)
FN:33,(anonymous_5)
FN:46,(anonymous_6)
FN:58,(anonymous_7)
FN:59,(anonymous_8)
FN:70,(anonymous_9)
FN:71,(anonymous_10)
FN:81,(anonymous_11)
FNF:12
FNH:2
FNDA:0,(anonymous_0)
FNDA:0,(anonymous_1)
FNDA:0,(anonymous_2)
FNDA:0,(anonymous_3)
FNDA:0,(anonymous_4)
FNDA:0,(anonymous_5)
FNDA:0,(anonymous_6)
FNDA:0,(anonymous_7)
FNDA:0,(anonymous_8)
FNDA:1,(anonymous_9)
FNDA:1,(anonymous_10)
FNDA:0,(anonymous_11)
DA:5,1
DA:6,0
DA:8,0
DA:10,0
DA:12,0
DA:14,0
DA:18,1
DA:19,0
DA:20,0
DA:26,1
DA:27,0
DA:28,0
DA:30,0
DA:31,0
DA:33,0
DA:34,0
DA:38,0
DA:43,0
DA:46,0
DA:47,0
DA:50,0
DA:54,0
DA:58,1
DA:59,0
DA:60,0
DA:61,0
DA:66,0
DA:70,1
DA:71,1
DA:72,1
DA:73,1
DA:74,1
DA:75,1
DA:81,1
LF:34
LH:11
BRDA:6,0,0,0
BRDA:6,0,1,0
BRDA:6,0,2,0
BRDA:6,0,3,0
BRDA:73,1,0,0
BRDA:73,1,1,1
BRF:6
BRH:1
end_of_record
TN:
SF:D:\Programowanie\imuaythai-judge\actions\types.js
FNF:0
FNH:0
DA:2,3
DA:3,3
DA:4,3
DA:5,3
DA:6,3
DA:9,3
DA:10,3
DA:11,3
DA:12,3
DA:15,3
DA:16,3
DA:17,3
DA:18,3
DA:19,3
DA:20,3
DA:21,3
DA:22,3
DA:23,3
DA:24,3
DA:25,3
DA:26,3
DA:27,3
DA:28,3
DA:29,3
DA:30,3
DA:33,3
DA:34,3
DA:35,3
DA:36,3
DA:37,3
DA:40,3
DA:41,3
DA:42,3
DA:43,3
DA:44,3
DA:45,3
DA:48,3
DA:49,3
DA:52,3
DA:53,3
DA:54,3
DA:55,3
DA:56,3
DA:57,3
DA:58,3
DA:61,3
DA:62,3
DA:63,3
DA:64,3
DA:65,3
DA:66,3
DA:67,3
DA:68,3
DA:69,3
DA:72,3
DA:73,3
LF:56
LH:56
BRF:0
BRH:0
end_of_record
TN:
SF:D:\Programowanie\imuaythai-judge\common\messageHandler.js
FN:4,(anonymous_0)
FN:40,(anonymous_1)
FN:47,(anonymous_2)
FNF:3
FNH:0
FNDA:0,(anonymous_0)
FNDA:0,(anonymous_1)
FNDA:0,(anonymous_2)
DA:4,1
DA:5,0
DA:6,0
DA:8,0
DA:9,0
DA:11,0
DA:12,0
DA:14,0
DA:15,0
DA:17,0
DA:18,0
DA:20,0
DA:21,0
DA:23,0
DA:24,0
DA:26,0
DA:27,0
DA:29,0
DA:30,0
DA:32,0
DA:33,0
DA:36,0
DA:40,1
DA:41,0
DA:42,0
DA:44,0
DA:47,1
DA:48,0
DA:49,0
DA:51,0
DA:52,0
DA:54,0
DA:57,0
DA:59,0
LF:34
LH:3
BRDA:6,0,0,0
BRDA:6,0,1,0
BRDA:6,0,2,0
BRDA:6,0,3,0
BRDA:6,0,4,0
BRDA:6,0,5,0
BRDA:6,0,6,0
BRDA:6,0,7,0
BRDA:6,0,8,0
BRDA:6,0,9,0
BRDA:41,1,0,0
BRDA:41,1,1,0
BRDA:41,2,0,0
BRDA:41,2,1,0
BRF:14
BRH:0
end_of_record
TN:
SF:D:\Programowanie\imuaythai-judge\common\requestTypes.js
FNF:0
FNH:0
DA:1,1
DA:2,1
DA:3,1
DA:4,1
DA:5,1
DA:6,1
DA:7,1
DA:8,1
DA:9,1
DA:10,1
DA:11,1
DA:12,1
DA:13,1
DA:14,1
LF:14
LH:14
BRF:0
BRH:0
end_of_record
TN:
SF:D:\Programowanie\imuaythai-judge\common\timer.js
FN:6,(anonymous_0)
FN:32,(anonymous_1)
FN:38,(anonymous_2)
FN:49,(anonymous_3)
FN:52,(anonymous_4)
FN:54,(anonymous_5)
FN:66,(anonymous_6)
FN:72,(anonymous_7)
FN:76,(anonymous_8)
FN:110,(anonymous_9)
FNF:10
FNH:0
FNDA:0,(anonymous_0)
FNDA:0,(anonymous_1)
FNDA:0,(anonymous_2)
FNDA:0,(anonymous_3)
FNDA:0,(anonymous_4)
FNDA:0,(anonymous_5)
FNDA:0,(anonymous_6)
FNDA:0,(anonymous_7)
FNDA:0,(anonymous_8)
FNDA:0,(anonymous_9)
DA:7,0
DA:8,0
DA:12,0
DA:13,0
DA:14,0
DA:15,0
DA:16,0
DA:17,0
DA:33,0
DA:34,0
DA:39,0
DA:40,0
DA:42,0
DA:44,0
DA:45,0
DA:50,0
DA:51,0
DA:52,0
DA:53,0
DA:54,0
DA:55,0
DA:56,0
DA:57,0
DA:58,0
DA:59,0
DA:60,0
DA:62,0
DA:67,0
DA:68,0
DA:73,0
DA:78,0
DA:79,0
DA:81,0
DA:82,0
DA:83,0
DA:84,0
DA:87,0
DA:88,0
DA:89,0
DA:90,0
DA:91,0
DA:95,0
DA:96,0
DA:100,0
DA:104,0
DA:105,0
DA:107,0
DA:112,0
DA:114,0
LF:49
LH:0
BRDA:16,0,0,0
BRDA:16,0,1,0
BRDA:33,1,0,0
BRDA:33,1,1,0
BRDA:39,2,0,0
BRDA:39,2,1,0
BRDA:44,3,0,0
BRDA:44,3,1,0
BRDA:50,4,0,0
BRDA:50,4,1,0
BRDA:52,5,0,0
BRDA:52,5,1,0
BRDA:56,6,0,0
BRDA:56,6,1,0
BRDA:81,7,0,0
BRDA:81,7,1,0
BRDA:83,8,0,0
BRDA:83,8,1,0
BRDA:95,9,0,0
BRDA:95,9,1,0
BRDA:96,10,0,0
BRDA:96,10,1,0
BRDA:96,11,0,0
BRDA:96,11,1,0
BRDA:97,12,0,0
BRDA:97,12,1,0
BRDA:100,13,0,0
BRDA:100,13,1,0
BRDA:100,14,0,0
BRDA:100,14,1,0
BRDA:101,15,0,0
BRDA:101,15,1,0
BRDA:104,16,0,0
BRDA:104,16,1,0
BRDA:112,17,0,0
BRDA:112,17,1,0
BRF:36
BRH:0
end_of_record
TN:
SF:D:\Programowanie\imuaythai-judge\components\Fight\FightHeader.js
FN:14,(anonymous_0)
FNF:1
FNH:0
FNDA:0,(anonymous_0)
DA:5,1
DA:14,1
DA:15,0
LF:3
LH:2
BRDA:37,0,0,0
BRDA:37,0,1,0
BRDA:38,1,0,0
BRDA:38,1,1,0
BRDA:43,2,0,0
BRDA:43,2,1,0
BRDA:46,3,0,0
BRDA:46,3,1,0
BRDA:54,4,0,0
BRDA:54,4,1,0
BRDA:61,5,0,0
BRDA:61,5,1,0
BRDA:69,6,0,0
BRDA:69,6,1,0
BRDA:78,7,0,0
BRDA:78,7,1,0
BRDA:78,8,0,0
BRDA:78,8,1,0
BRF:18
BRH:0
end_of_record
TN:
SF:D:\Programowanie\imuaythai-judge\containers\Fight\FightHeaderContainer.js
FN:4,(anonymous_0)
FNF:1
FNH:0
FNDA:0,(anonymous_0)
DA:4,1
DA:5,0
LF:2
LH:1
BRF:0
BRH:0
end_of_record
TN:
SF:D:\Programowanie\imuaythai-judge\reducers\TimerReducer.js
FN:12,(anonymous_0)
FNF:1
FNH:1
FNDA:10,(anonymous_0)
DA:3,1
DA:12,1
DA:13,10
DA:15,1
DA:21,1
DA:26,1
DA:32,1
DA:37,1
DA:43,1
DA:48,1
DA:54,1
DA:59,1
DA:64,1
LF:13
LH:13
BRDA:12,0,0,1
BRDA:13,1,0,1
BRDA:13,1,1,1
BRDA:13,1,2,1
BRDA:13,1,3,1
BRDA:13,1,4,1
BRDA:13,1,5,1
BRDA:13,1,6,1
BRDA:13,1,7,1
BRDA:13,1,8,1
BRDA:13,1,9,1
BRF:11
BRH:11
end_of_record
